#
# A fatal error has been detected by the Java Runtime Environment:
#
#  SIGILL (0x4) at pc=0x00007fff8c077bde, pid=12611, tid=0x0000000000000203
#
# JRE version: Java(TM) SE Runtime Environment (8.0_121-b13) (build 1.8.0_121-b13)
# Java VM: Java HotSpot(TM) 64-Bit Server VM (25.121-b13 mixed mode bsd-amd64 compressed oops)
# Problematic frame:
# C  [libsystem_platform.dylib+0x5bde]  _os_unfair_lock_corruption_abort+0x17
#
# Failed to write core dump. Core dumps have been disabled. To enable core dumping, try "ulimit -c unlimited" before starting Java again
#
# If you would like to submit a bug report, please visit:
#   http://bugreport.java.com/bugreport/crash.jsp
# The crash happened outside the Java Virtual Machine in native code.
# See problematic frame for where to report the bug.
#

---------------  T H R E A D  ---------------

Current thread (0x0000000122f73000):  JavaThread "Spawner Reaper" daemon [_thread_in_native, id=92443, stack(0x0000700005320000,0x0000700005420000)]

siginfo: si_signo: 4 (SIGILL), si_code: 1 (ILL_ILLOPC), si_addr: 0x00007fff8c077bde

Registers:
RAX=0x0000000000000306, RBX=0x0000000000000306, RCX=0x00007fff8c079b6c, RDX=0x0000000000000000
RSP=0x000070000541f2a8, RBP=0x000070000541f2e0, RSI=0x00007fff94c036c0, RDI=0x0000000000000306
R8 =0x000000000000063c, R9 =0x000000000000063d, R10=0x0000000000000000, R11=0x0000000000000246
R12=0x00007fff94c036c0, R13=0x0000000000000203, R14=0x0000000001010002, R15=0x0000000000000203
RIP=0x00007fff8c077bde, EFLAGS=0x0000000000010246, ERR=0x0000000000000000
  TRAPNO=0x0000000000000006

Top of Stack: (sp=0x000070000541f2a8)
0x000070000541f2a8:   00007fff8c07744e 0000000000000307
0x000070000541f2b8:   0000000000000240 00000001002467a0
0x000070000541f2c8:   00007fff94c03480 00007fff94c036c0
0x000070000541f2d8:   0000000000000000 000070000541f330
0x000070000541f2e8:   00007fff8b5783ae 0000000000000000
0x000070000541f2f8:   0000000000000000 0000000000000000
0x000070000541f308:   00000001002467a0 0000000000000000
0x000070000541f318:   0000000000000002 00007fff94c84101
0x000070000541f328:   0000000000000000 000070000541f350
0x000070000541f338:   00007fff8b5780f9 00000001002467a0
0x000070000541f348:   00007fff94c84140 000070000541f370
0x000070000541f358:   00007fff8b578059 0000000000000000
0x000070000541f368:   00000001002467a0 000070000541f3a0
0x000070000541f378:   00007fff8be32021 00000001316ea0c0
0x000070000541f388:   00007fff94ca36f8 00000001316ea0c0
0x000070000541f398:   00000001316e3070 000070000541f3c0
0x000070000541f3a8:   00007fff8c0c1564 00000001316ea0c0
0x000070000541f3b8:   0000000000000007 000070000541f3e0
0x000070000541f3c8:   00007fff8c0bf50d 00000000ffffffff
0x000070000541f3d8:   00000001316e3070 000070000541f410
0x000070000541f3e8:   00007fff8c0bfa9e 00007fff94cc3a50
0x000070000541f3f8:   00000001316e3070 0000000131603f10
0x000070000541f408:   0000000000000000 000070000541f430
0x000070000541f418:   00007fff8c0bf50d 00000000ffffffff
0x000070000541f428:   00000001316e3070 000070000541f480
0x000070000541f438:   00007fff8bf53c21 00007fff8bf581d3
0x000070000541f448:   0000000000000000 0000000000000000
0x000070000541f458:   000000012eec8670 0000000100300660
0x000070000541f468:   0000000000000000 00007fff94ca36f8
0x000070000541f478:   000070000541f4c4 000070000541f4a0
0x000070000541f488:   00007fff8bf581bc 00007fff94ca36f8
0x000070000541f498:   000000011d964eca 000070000541f4f0 

Instructions: (pc=0x00007fff8c077bde)
0x00007fff8c077bbe:   89 f7 e8 55 18 00 00 eb ae 89 f8 48 8d 0d 9c 1f
0x00007fff8c077bce:   00 00 48 89 0d e1 b6 c3 08 48 89 05 0a b7 c3 08
0x00007fff8c077bde:   0f 0b 89 f8 48 8d 0d 12 20 00 00 48 89 0d c8 b6
0x00007fff8c077bee:   c3 08 48 89 05 f1 b6 c3 08 0f 0b 55 48 89 e5 41 

Register to memory mapping:

RAX=0x0000000000000306 is an unknown value
RBX=0x0000000000000306 is an unknown value
RCX=0x00007fff8c079b6c: _h+0x25c in /usr/lib/system/libsystem_platform.dylib at 0x00007fff8c072000
RDX=0x0000000000000000 is an unknown value
RSP=0x000070000541f2a8 is pointing into the stack for thread: 0x0000000122f73000
RBP=0x000070000541f2e0 is pointing into the stack for thread: 0x0000000122f73000
RSI=0x00007fff94c036c0: _ZN12_GLOBAL__N_1L12SideTableBufE+0x240 in /usr/lib/libobjc.A.dylib at 0x00007fff8b56f000
RDI=0x0000000000000306 is an unknown value
R8 =0x000000000000063c is an unknown value
R9 =0x000000000000063d is an unknown value
R10=0x0000000000000000 is an unknown value
R11=0x0000000000000246 is an unknown value
R12=0x00007fff94c036c0: _ZN12_GLOBAL__N_1L12SideTableBufE+0x240 in /usr/lib/libobjc.A.dylib at 0x00007fff8b56f000
R13=0x0000000000000203 is an unknown value
R14=0x0000000001010002 is an unknown value
R15=0x0000000000000203 is an unknown value


Stack: [0x0000700005320000,0x0000700005420000],  sp=0x000070000541f2a8,  free space=1020k
Native frames: (J=compiled Java code, j=interpreted, Vv=VM code, C=native code)
C  [libsystem_platform.dylib+0x5bde]  _os_unfair_lock_corruption_abort+0x17
C  [libobjc.A.dylib+0x93ae]  _ZN11objc_object27sidetable_clearDeallocatingEv+0x54
C  [libobjc.A.dylib+0x90f9]  objc_destructInstance+0x8f
C  [libobjc.A.dylib+0x9059]  object_dispose+0x16
C  [libdispatch.dylib+0x3021]  _dispatch_dispose+0x37
C  [libxpc.dylib+0x6564]  _xpc_serializer_dispose+0x13f
C  [libxpc.dylib+0x450d]  _xpc_dispose+0xf
C  [libxpc.dylib+0x4a9e]  _xpc_dictionary_dispose+0x6d
C  [libxpc.dylib+0x450d]  _xpc_dispose+0xf
C  [libsystem_info.dylib+0x1c21]  _ds_item+0x9f
C  [libsystem_info.dylib+0x61bc]  ds_group_byname+0x4d
C  [libsystem_info.dylib+0x6102]  search_group_byname+0x66
C  [libsystem_info.dylib+0x6058]  getgrnam+0x33
C  [libspawner.jnilib+0x265e]  ptys_open+0x1e
C  [libspawner.jnilib+0x20ee]  exec_pty+0x22e
C  [libspawner.jnilib+0x1102]  Java_org_eclipse_cdt_utils_spawner_Spawner_exec2+0x182
j  org.eclipse.cdt.utils.spawner.Spawner.exec2([Ljava/lang/String;[Ljava/lang/String;Ljava/lang/String;[ILjava/lang/String;IZ)I+0
j  org.eclipse.cdt.utils.pty.PTY.exec_pty(Lorg/eclipse/cdt/utils/spawner/Spawner;[Ljava/lang/String;[Ljava/lang/String;Ljava/lang/String;[I)I+48
j  org.eclipse.cdt.utils.spawner.Spawner$2.execute([Ljava/lang/String;[Ljava/lang/String;Ljava/lang/String;[I)I+13
j  org.eclipse.cdt.utils.spawner.Spawner$Reaper.run()V+20
v  ~StubRoutines::call_stub
V  [libjvm.dylib+0x2ed9d6]
V  [libjvm.dylib+0x2ee164]
V  [libjvm.dylib+0x2ee310]
V  [libjvm.dylib+0x348a5d]
V  [libjvm.dylib+0x56ab0f]
V  [libjvm.dylib+0x56c1fc]
V  [libjvm.dylib+0x48a5b2]
C  [libsystem_pthread.dylib+0x3aab]  _pthread_body+0xb4
C  [libsystem_pthread.dylib+0x39f7]  _pthread_body+0x0
C  [libsystem_pthread.dylib+0x31fd]  thread_start+0xd
C  0x0000000000000000

Java frames: (J=compiled Java code, j=interpreted, Vv=VM code)
j  org.eclipse.cdt.utils.spawner.Spawner.exec2([Ljava/lang/String;[Ljava/lang/String;Ljava/lang/String;[ILjava/lang/String;IZ)I+0
j  org.eclipse.cdt.utils.pty.PTY.exec_pty(Lorg/eclipse/cdt/utils/spawner/Spawner;[Ljava/lang/String;[Ljava/lang/String;Ljava/lang/String;[I)I+48
j  org.eclipse.cdt.utils.spawner.Spawner$2.execute([Ljava/lang/String;[Ljava/lang/String;Ljava/lang/String;[I)I+13
j  org.eclipse.cdt.utils.spawner.Spawner$Reaper.run()V+20
v  ~StubRoutines::call_stub

---------------  P R O C E S S  ---------------

Java Threads: ( => current thread )
=>0x0000000122f73000 JavaThread "Spawner Reaper" daemon [_thread_in_native, id=92443, stack(0x0000700005320000,0x0000700005420000)]
  0x000000010505a800 JavaThread "Worker-159" [_thread_blocked, id=95391, stack(0x000070000521d000,0x000070000531d000)]
  0x00000001049c0800 JavaThread "Worker-158" [_thread_blocked, id=73395, stack(0x000070000511a000,0x000070000521a000)]
  0x0000000101a8c800 JavaThread "Worker-157" [_thread_blocked, id=94643, stack(0x0000700004c08000,0x0000700004d08000)]
  0x0000000127150800 JavaThread "Worker-156" [_thread_blocked, id=98667, stack(0x0000700004879000,0x0000700004979000)]
  0x00000001276dd800 JavaThread "Worker-148" [_thread_blocked, id=79487, stack(0x00007000036bd000,0x00007000037bd000)]
  0x0000000122fd6800 JavaThread "Worker-146" [_thread_blocked, id=96327, stack(0x00007000014d1000,0x00007000015d1000)]
  0x00000001266df000 JavaThread "Worker-132" [_thread_blocked, id=91131, stack(0x0000700004776000,0x0000700004876000)]
  0x00000001273df800 JavaThread "org.eclipse.cdt.internal.ui.text.CReconciler" daemon [_thread_blocked, id=78955, stack(0x0000700004b05000,0x0000700004c05000)]
  0x0000000125d6e000 JavaThread "org.eclipse.cdt.internal.ui.text.CReconciler" daemon [_thread_blocked, id=84223, stack(0x0000700004a02000,0x0000700004b02000)]
  0x0000000126069000 JavaThread "org.eclipse.cdt.internal.ui.text.CReconciler" daemon [_thread_blocked, id=80767, stack(0x0000700005017000,0x0000700005117000)]
  0x000000012731a800 JavaThread "org.eclipse.cdt.internal.ui.text.CReconciler" daemon [_thread_blocked, id=83111, stack(0x0000700004d8e000,0x0000700004e8e000)]
  0x0000000104a55800 JavaThread "Provisioning Event Dispatcher" daemon [_thread_blocked, id=86439, stack(0x0000700005526000,0x0000700005626000)]
  0x0000000125d66000 JavaThread "[ThreadPool Manager] - Idle Thread" daemon [_thread_blocked, id=5127, stack(0x0000700003fdb000,0x00007000040db000)]
  0x000000012675b000 JavaThread "Thread-9" [_thread_blocked, id=85511, stack(0x0000700004f14000,0x0000700005014000)]
  0x0000000125c2e000 JavaThread "org.eclipse.cdt.internal.ui.text.CReconciler" daemon [_thread_blocked, id=73735, stack(0x000070000436a000,0x000070000446a000)]
  0x00000001266e2800 JavaThread "EventAdmin Async Event Dispatcher Thread" daemon [_thread_blocked, id=43079, stack(0x00007000041e4000,0x00007000042e4000)]
  0x00000001274c1800 JavaThread "Bundle File Closer" daemon [_thread_blocked, id=42763, stack(0x00007000040e1000,0x00007000041e1000)]
  0x0000000102262800 JavaThread "EMF Reference Cleaner" daemon [_thread_blocked, id=61187, stack(0x0000700003dd5000,0x0000700003ed5000)]
  0x0000000105ab0000 JavaThread "Worker-JM" [_thread_blocked, id=60675, stack(0x0000700003cd2000,0x0000700003dd2000)]
  0x0000000101b88800 JavaThread "[Timer] - Main Queue Handler" daemon [_thread_blocked, id=60163, stack(0x0000700003bcf000,0x0000700003ccf000)]
  0x000000010197e000 JavaThread "Start Level: Equinox Container: 379809da-9479-4a5b-b0ee-d60d8bcc1cc3" daemon [_thread_blocked, id=58371, stack(0x00007000039c9000,0x0000700003ac9000)]
  0x00000001009c7800 JavaThread "Framework Event Dispatcher: org.eclipse.osgi.internal.framework.EquinoxEventPublisher@c0b41d6" daemon [_thread_blocked, id=57863, stack(0x00007000038c6000,0x00007000039c6000)]
  0x00000001059bd000 JavaThread "Active Thread: Equinox Container: 379809da-9479-4a5b-b0ee-d60d8bcc1cc3" [_thread_blocked, id=57615, stack(0x00007000037c3000,0x00007000038c3000)]
  0x0000000101846800 JavaThread "Service Thread" daemon [_thread_blocked, id=38147, stack(0x0000700003434000,0x0000700003534000)]
  0x0000000100868000 JavaThread "C1 CompilerThread3" daemon [_thread_blocked, id=37635, stack(0x0000700003331000,0x0000700003431000)]
  0x0000000105806800 JavaThread "C2 CompilerThread2" daemon [_thread_blocked, id=37123, stack(0x000070000322e000,0x000070000332e000)]
  0x0000000106004000 JavaThread "C2 CompilerThread1" daemon [_thread_in_vm, id=36611, stack(0x000070000312b000,0x000070000322b000)]
  0x0000000100867800 JavaThread "C2 CompilerThread0" daemon [_thread_blocked, id=36099, stack(0x0000700003028000,0x0000700003128000)]
  0x0000000100863000 JavaThread "Signal Dispatcher" daemon [_thread_blocked, id=35587, stack(0x0000700002f25000,0x0000700003025000)]
  0x0000000105804800 JavaThread "Surrogate Locker Thread (Concurrent GC)" daemon [_thread_blocked, id=34819, stack(0x0000700002e22000,0x0000700002f22000)]
  0x0000000100894000 JavaThread "Finalizer" daemon [_thread_blocked, id=33795, stack(0x0000700002d1f000,0x0000700002e1f000)]
  0x0000000100891000 JavaThread "Reference Handler" daemon [_thread_blocked, id=33283, stack(0x0000700002c1c000,0x0000700002d1c000)]
  0x0000000102004000 JavaThread "main" [_thread_in_native, id=775, stack(0x00007fff5f400000,0x00007fff5fc00000)]

Other Threads:
  0x000000010088c800 VMThread [stack: 0x0000700002b19000,0x0000700002c19000] [id=32771]
  0x0000000101848000 WatcherThread [stack: 0x0000700003537000,0x0000700003637000] [id=38659]

VM state:not at safepoint (normal execution)

VM Mutex/Monitor currently owned by a thread: None

Heap:
 garbage-first heap   total 271360K, used 141063K [0x0000000780000000, 0x0000000780100848, 0x00000007c0000000)
  region size 1024K, 41 young (41984K), 5 survivors (5120K)
 Metaspace       used 114652K, capacity 125592K, committed 125848K, reserved 1159168K
  class space    used 13823K, capacity 17006K, committed 17048K, reserved 1048576K

Heap Regions: (Y=young(eden), SU=young(survivor), HS=humongous(starts), HC=humongous(continues), CS=collection set, F=free, TS=gc time stamp, PTAMS=previous top-at-mark-start, NTAMS=next top-at-mark-start)
AC   0  O    TS     0 PTAMS 0x0000000780100000 NTAMS 0x0000000780100000 space 1024K, 100% used [0x0000000780000000, 0x0000000780100000)
AC   0  O    TS     0 PTAMS 0x0000000780200000 NTAMS 0x0000000780200000 space 1024K, 100% used [0x0000000780100000, 0x0000000780200000)
AC   0  O    TS     0 PTAMS 0x0000000780300000 NTAMS 0x0000000780300000 space 1024K, 100% used [0x0000000780200000, 0x0000000780300000)
AC   0  O    TS     0 PTAMS 0x0000000780400000 NTAMS 0x0000000780400000 space 1024K, 100% used [0x0000000780300000, 0x0000000780400000)
AC   0  O    TS     0 PTAMS 0x0000000780500000 NTAMS 0x0000000780500000 space 1024K, 100% used [0x0000000780400000, 0x0000000780500000)
AC   0  O    TS     3 PTAMS 0x0000000780500000 NTAMS 0x0000000780500000 space 1024K, 100% used [0x0000000780500000, 0x0000000780600000)
AC   0  O    TS    69 PTAMS 0x0000000780600000 NTAMS 0x0000000780600000 space 1024K, 100% used [0x0000000780600000, 0x0000000780700000)
AC   0  O    TS     0 PTAMS 0x0000000780800000 NTAMS 0x0000000780800000 space 1024K, 100% used [0x0000000780700000, 0x0000000780800000)
AC   0  O    TS     0 PTAMS 0x0000000780900000 NTAMS 0x0000000780900000 space 1024K, 100% used [0x0000000780800000, 0x0000000780900000)
AC   0  O    TS     0 PTAMS 0x0000000780a00000 NTAMS 0x0000000780a00000 space 1024K, 100% used [0x0000000780900000, 0x0000000780a00000)
AC   0  O    TS     0 PTAMS 0x0000000780b00000 NTAMS 0x0000000780b00000 space 1024K, 100% used [0x0000000780a00000, 0x0000000780b00000)
AC   0  O    TS     0 PTAMS 0x0000000780c00000 NTAMS 0x0000000780c00000 space 1024K, 100% used [0x0000000780b00000, 0x0000000780c00000)
AC   0  O    TS     0 PTAMS 0x0000000780d00000 NTAMS 0x0000000780d00000 space 1024K, 100% used [0x0000000780c00000, 0x0000000780d00000)
AC   0  O    TS    73 PTAMS 0x0000000780d00000 NTAMS 0x0000000780d00000 space 1024K, 100% used [0x0000000780d00000, 0x0000000780e00000)
AC   0  O    TS     0 PTAMS 0x0000000780f00000 NTAMS 0x0000000780f00000 space 1024K, 100% used [0x0000000780e00000, 0x0000000780f00000)
AC   0  O    TS     0 PTAMS 0x0000000781000000 NTAMS 0x0000000781000000 space 1024K, 100% used [0x0000000780f00000, 0x0000000781000000)
AC   0  O    TS     0 PTAMS 0x0000000781100000 NTAMS 0x0000000781100000 space 1024K, 100% used [0x0000000781000000, 0x0000000781100000)
AC   0  O    TS     5 PTAMS 0x0000000781100000 NTAMS 0x0000000781100000 space 1024K, 100% used [0x0000000781100000, 0x0000000781200000)
AC   0  O    TS     5 PTAMS 0x0000000781200000 NTAMS 0x0000000781200000 space 1024K, 100% used [0x0000000781200000, 0x0000000781300000)
AC   0  O    TS     0 PTAMS 0x0000000781400000 NTAMS 0x0000000781400000 space 1024K, 100% used [0x0000000781300000, 0x0000000781400000)
AC   0  O    TS     5 PTAMS 0x0000000781400000 NTAMS 0x0000000781400000 space 1024K, 100% used [0x0000000781400000, 0x0000000781500000)
AC   0  O    TS    75 PTAMS 0x0000000781500000 NTAMS 0x0000000781500000 space 1024K, 100% used [0x0000000781500000, 0x0000000781600000)
AC   0  O    TS     0 PTAMS 0x0000000781700000 NTAMS 0x0000000781700000 space 1024K, 100% used [0x0000000781600000, 0x0000000781700000)
AC   0  O    TS    73 PTAMS 0x0000000781700000 NTAMS 0x0000000781700000 space 1024K, 100% used [0x0000000781700000, 0x0000000781800000)
AC   0  O    TS     0 PTAMS 0x0000000781900000 NTAMS 0x0000000781900000 space 1024K, 100% used [0x0000000781800000, 0x0000000781900000)
AC   0  O    TS     0 PTAMS 0x0000000781a00000 NTAMS 0x0000000781a00000 space 1024K, 100% used [0x0000000781900000, 0x0000000781a00000)
AC   0  O    TS     0 PTAMS 0x0000000781b00000 NTAMS 0x0000000781b00000 space 1024K, 100% used [0x0000000781a00000, 0x0000000781b00000)
AC   0  O    TS     5 PTAMS 0x0000000781b00000 NTAMS 0x0000000781b00000 space 1024K, 100% used [0x0000000781b00000, 0x0000000781c00000)
AC   0  O    TS     0 PTAMS 0x0000000781d00000 NTAMS 0x0000000781d00000 space 1024K, 100% used [0x0000000781c00000, 0x0000000781d00000)
AC   0  O    TS     0 PTAMS 0x0000000781e00000 NTAMS 0x0000000781e00000 space 1024K, 100% used [0x0000000781d00000, 0x0000000781e00000)
AC   0  O    TS     0 PTAMS 0x0000000781f00000 NTAMS 0x0000000781f00000 space 1024K, 100% used [0x0000000781e00000, 0x0000000781f00000)
AC   0  O    TS     0 PTAMS 0x0000000782000000 NTAMS 0x0000000782000000 space 1024K, 100% used [0x0000000781f00000, 0x0000000782000000)
AC   0  O    TS     0 PTAMS 0x0000000782100000 NTAMS 0x0000000782100000 space 1024K, 100% used [0x0000000782000000, 0x0000000782100000)
AC   0  O    TS     0 PTAMS 0x0000000782200000 NTAMS 0x0000000782200000 space 1024K, 100% used [0x0000000782100000, 0x0000000782200000)
AC   0  O    TS     0 PTAMS 0x0000000782300000 NTAMS 0x0000000782300000 space 1024K, 100% used [0x0000000782200000, 0x0000000782300000)
AC   0  O    TS     0 PTAMS 0x0000000782400000 NTAMS 0x0000000782400000 space 1024K, 100% used [0x0000000782300000, 0x0000000782400000)
AC   0  O    TS     0 PTAMS 0x0000000782500000 NTAMS 0x0000000782500000 space 1024K, 100% used [0x0000000782400000, 0x0000000782500000)
AC   0  O    TS     0 PTAMS 0x0000000782600000 NTAMS 0x0000000782600000 space 1024K, 100% used [0x0000000782500000, 0x0000000782600000)
AC   0  O    TS     0 PTAMS 0x0000000782700000 NTAMS 0x0000000782700000 space 1024K, 100% used [0x0000000782600000, 0x0000000782700000)
AC   0  O    TS     0 PTAMS 0x0000000782800000 NTAMS 0x0000000782800000 space 1024K, 100% used [0x0000000782700000, 0x0000000782800000)
AC   0  O    TS     0 PTAMS 0x0000000782900000 NTAMS 0x0000000782900000 space 1024K, 100% used [0x0000000782800000, 0x0000000782900000)
AC   0  O    TS     0 PTAMS 0x0000000782a00000 NTAMS 0x0000000782a00000 space 1024K, 100% used [0x0000000782900000, 0x0000000782a00000)
AC   0  O    TS     0 PTAMS 0x0000000782b00000 NTAMS 0x0000000782b00000 space 1024K, 100% used [0x0000000782a00000, 0x0000000782b00000)
AC   0  O    TS     0 PTAMS 0x0000000782c00000 NTAMS 0x0000000782c00000 space 1024K, 100% used [0x0000000782b00000, 0x0000000782c00000)
AC   0  O    TS    35 PTAMS 0x0000000782c00000 NTAMS 0x0000000782c00000 space 1024K, 100% used [0x0000000782c00000, 0x0000000782d00000)
AC   0  O    TS     0 PTAMS 0x0000000782e00000 NTAMS 0x0000000782e00000 space 1024K, 100% used [0x0000000782d00000, 0x0000000782e00000)
AC   0  O    TS     0 PTAMS 0x0000000782f00000 NTAMS 0x0000000782f00000 space 1024K, 100% used [0x0000000782e00000, 0x0000000782f00000)
AC   0  O    TS     0 PTAMS 0x0000000783000000 NTAMS 0x0000000783000000 space 1024K, 100% used [0x0000000782f00000, 0x0000000783000000)
AC   0  O    TS     0 PTAMS 0x0000000783100000 NTAMS 0x0000000783100000 space 1024K, 100% used [0x0000000783000000, 0x0000000783100000)
AC   0  O    TS     0 PTAMS 0x0000000783200000 NTAMS 0x0000000783200000 space 1024K, 100% used [0x0000000783100000, 0x0000000783200000)
AC   0  O    TS     0 PTAMS 0x0000000783300000 NTAMS 0x0000000783300000 space 1024K, 100% used [0x0000000783200000, 0x0000000783300000)
AC   0  O    TS    75 PTAMS 0x0000000783300000 NTAMS 0x0000000783300000 space 1024K, 100% used [0x0000000783300000, 0x0000000783400000)
AC   0  O    TS     5 PTAMS 0x0000000783400000 NTAMS 0x0000000783400000 space 1024K, 100% used [0x0000000783400000, 0x0000000783500000)
AC   0  O    TS     5 PTAMS 0x0000000783500000 NTAMS 0x0000000783500000 space 1024K, 100% used [0x0000000783500000, 0x0000000783600000)
AC   0  O    TS     5 PTAMS 0x0000000783600000 NTAMS 0x0000000783600000 space 1024K, 100% used [0x0000000783600000, 0x0000000783700000)
AC   0  O    TS     5 PTAMS 0x0000000783700000 NTAMS 0x0000000783700000 space 1024K, 100% used [0x0000000783700000, 0x0000000783800000)
AC   0  O    TS    77 PTAMS 0x0000000783800000 NTAMS 0x0000000783800000 space 1024K, 100% used [0x0000000783800000, 0x0000000783900000)
AC   0  O    TS     0 PTAMS 0x0000000783a00000 NTAMS 0x0000000783a00000 space 1024K, 100% used [0x0000000783900000, 0x0000000783a00000)
AC   0  O    TS     0 PTAMS 0x0000000783b00000 NTAMS 0x0000000783b00000 space 1024K, 100% used [0x0000000783a00000, 0x0000000783b00000)
AC   0  O    TS    77 PTAMS 0x0000000783b00000 NTAMS 0x0000000783b00000 space 1024K, 100% used [0x0000000783b00000, 0x0000000783c00000)
AC   0  O    TS    79 PTAMS 0x0000000783c00000 NTAMS 0x0000000783c00000 space 1024K, 100% used [0x0000000783c00000, 0x0000000783d00000)
AC   0  O    TS     5 PTAMS 0x0000000783d00000 NTAMS 0x0000000783d00000 space 1024K, 100% used [0x0000000783d00000, 0x0000000783e00000)
AC   0  O    TS     0 PTAMS 0x0000000783f00000 NTAMS 0x0000000783f00000 space 1024K, 100% used [0x0000000783e00000, 0x0000000783f00000)
AC   0  O    TS    81 PTAMS 0x0000000783f00000 NTAMS 0x0000000783f00000 space 1024K, 100% used [0x0000000783f00000, 0x0000000784000000)
AC   0  O    TS     0 PTAMS 0x0000000784100000 NTAMS 0x0000000784100000 space 1024K, 100% used [0x0000000784000000, 0x0000000784100000)
AC   0  O    TS     5 PTAMS 0x0000000784100000 NTAMS 0x0000000784100000 space 1024K, 100% used [0x0000000784100000, 0x0000000784200000)
AC   0  O    TS     5 PTAMS 0x0000000784200000 NTAMS 0x0000000784200000 space 1024K, 100% used [0x0000000784200000, 0x0000000784300000)
AC   0  O    TS     5 PTAMS 0x0000000784300000 NTAMS 0x0000000784300000 space 1024K, 100% used [0x0000000784300000, 0x0000000784400000)
AC   0  O    TS     5 PTAMS 0x0000000784400000 NTAMS 0x0000000784400000 space 1024K, 100% used [0x0000000784400000, 0x0000000784500000)
AC   0  O    TS     0 PTAMS 0x0000000784600000 NTAMS 0x0000000784600000 space 1024K, 100% used [0x0000000784500000, 0x0000000784600000)
AC   0  O    TS     5 PTAMS 0x0000000784600000 NTAMS 0x0000000784600000 space 1024K, 100% used [0x0000000784600000, 0x0000000784700000)
AC   0  O    TS     7 PTAMS 0x0000000784700000 NTAMS 0x0000000784700000 space 1024K, 100% used [0x0000000784700000, 0x0000000784800000)
AC   0  O    TS   295 PTAMS 0x0000000784800000 NTAMS 0x0000000784800000 space 1024K, 100% used [0x0000000784800000, 0x0000000784900000)
AC   0  O    TS     0 PTAMS 0x0000000784a00000 NTAMS 0x0000000784a00000 space 1024K, 100% used [0x0000000784900000, 0x0000000784a00000)
AC   0  O    TS   295 PTAMS 0x0000000784a00000 NTAMS 0x0000000784a00000 space 1024K, 100% used [0x0000000784a00000, 0x0000000784b00000)
AC   0  O    TS   297 PTAMS 0x0000000784b00000 NTAMS 0x0000000784b00000 space 1024K, 100% used [0x0000000784b00000, 0x0000000784c00000)
AC   0  O    TS   313 PTAMS 0x0000000784c00000 NTAMS 0x0000000784c00000 space 1024K, 100% used [0x0000000784c00000, 0x0000000784d00000)
AC   0  O    TS   315 PTAMS 0x0000000784d00000 NTAMS 0x0000000784d00000 space 1024K,  25% used [0x0000000784d00000, 0x0000000784e00000)
AC   0  F    TS     0 PTAMS 0x0000000784e00000 NTAMS 0x0000000784e00000 space 1024K,   0% used [0x0000000784e00000, 0x0000000784f00000)
AC   0  O    TS     0 PTAMS 0x0000000785000000 NTAMS 0x0000000785000000 space 1024K, 100% used [0x0000000784f00000, 0x0000000785000000)
AC   0  O    TS     0 PTAMS 0x0000000785100000 NTAMS 0x0000000785100000 space 1024K, 100% used [0x0000000785000000, 0x0000000785100000)
AC   0  O    TS     0 PTAMS 0x0000000785200000 NTAMS 0x0000000785200000 space 1024K, 100% used [0x0000000785100000, 0x0000000785200000)
AC   0  O    TS     0 PTAMS 0x0000000785300000 NTAMS 0x0000000785300000 space 1024K, 100% used [0x0000000785200000, 0x0000000785300000)
AC   0  F    TS     0 PTAMS 0x0000000785300000 NTAMS 0x0000000785300000 space 1024K,   0% used [0x0000000785300000, 0x0000000785400000)
AC   0  F    TS     0 PTAMS 0x0000000785400000 NTAMS 0x0000000785400000 space 1024K,   0% used [0x0000000785400000, 0x0000000785500000)
AC   0  F    TS     0 PTAMS 0x0000000785500000 NTAMS 0x0000000785500000 space 1024K,   0% used [0x0000000785500000, 0x0000000785600000)
AC   0  F    TS     0 PTAMS 0x0000000785600000 NTAMS 0x0000000785600000 space 1024K,   0% used [0x0000000785600000, 0x0000000785700000)
AC   0  O    TS     0 PTAMS 0x0000000785800000 NTAMS 0x0000000785800000 space 1024K, 100% used [0x0000000785700000, 0x0000000785800000)
AC   0  O    TS     0 PTAMS 0x0000000785900000 NTAMS 0x0000000785900000 space 1024K, 100% used [0x0000000785800000, 0x0000000785900000)
AC   0  F    TS     0 PTAMS 0x0000000785900000 NTAMS 0x0000000785900000 space 1024K,   0% used [0x0000000785900000, 0x0000000785a00000)
AC   0  O    TS     0 PTAMS 0x0000000785b00000 NTAMS 0x0000000785b00000 space 1024K, 100% used [0x0000000785a00000, 0x0000000785b00000)
AC   0  O    TS     0 PTAMS 0x0000000785c00000 NTAMS 0x0000000785c00000 space 1024K, 100% used [0x0000000785b00000, 0x0000000785c00000)
AC   0  O    TS     0 PTAMS 0x0000000785d00000 NTAMS 0x0000000785d00000 space 1024K, 100% used [0x0000000785c00000, 0x0000000785d00000)
AC   0  O    TS     0 PTAMS 0x0000000785e00000 NTAMS 0x0000000785e00000 space 1024K, 100% used [0x0000000785d00000, 0x0000000785e00000)
AC   0  O    TS     0 PTAMS 0x0000000785f00000 NTAMS 0x0000000785f00000 space 1024K, 100% used [0x0000000785e00000, 0x0000000785f00000)
AC   0  F    TS     0 PTAMS 0x0000000785f00000 NTAMS 0x0000000785f00000 space 1024K,   0% used [0x0000000785f00000, 0x0000000786000000)
AC   0  O    TS     0 PTAMS 0x0000000786100000 NTAMS 0x0000000786100000 space 1024K, 100% used [0x0000000786000000, 0x0000000786100000)
AC   0  F    TS     0 PTAMS 0x0000000786100000 NTAMS 0x0000000786100000 space 1024K,   0% used [0x0000000786100000, 0x0000000786200000)
AC   0  F    TS     0 PTAMS 0x0000000786200000 NTAMS 0x0000000786200000 space 1024K,   0% used [0x0000000786200000, 0x0000000786300000)
AC   0  F    TS    31 PTAMS 0x0000000786300000 NTAMS 0x0000000786300000 space 1024K,   0% used [0x0000000786300000, 0x0000000786400000)
AC   0  F    TS    31 PTAMS 0x0000000786400000 NTAMS 0x0000000786400000 space 1024K,   0% used [0x0000000786400000, 0x0000000786500000)
AC   0  F    TS    39 PTAMS 0x0000000786500000 NTAMS 0x0000000786500000 space 1024K,   0% used [0x0000000786500000, 0x0000000786600000)
AC   0  F    TS    45 PTAMS 0x0000000786600000 NTAMS 0x0000000786600000 space 1024K,   0% used [0x0000000786600000, 0x0000000786700000)
AC   0  F    TS    67 PTAMS 0x0000000786700000 NTAMS 0x0000000786700000 space 1024K,   0% used [0x0000000786700000, 0x0000000786800000)
AC   0  F    TS    65 PTAMS 0x0000000786800000 NTAMS 0x0000000786800000 space 1024K,   0% used [0x0000000786800000, 0x0000000786900000)
AC   0  F    TS    69 PTAMS 0x0000000786900000 NTAMS 0x0000000786900000 space 1024K,   0% used [0x0000000786900000, 0x0000000786a00000)
AC   0  O    TS     0 PTAMS 0x0000000786b00000 NTAMS 0x0000000786b00000 space 1024K, 100% used [0x0000000786a00000, 0x0000000786b00000)
AC   0  O    TS     0 PTAMS 0x0000000786c00000 NTAMS 0x0000000786c00000 space 1024K, 100% used [0x0000000786b00000, 0x0000000786c00000)
AC   0  F    TS    69 PTAMS 0x0000000786c00000 NTAMS 0x0000000786c00000 space 1024K,   0% used [0x0000000786c00000, 0x0000000786d00000)
AC   0  O    TS     0 PTAMS 0x0000000786e00000 NTAMS 0x0000000786e00000 space 1024K, 100% used [0x0000000786d00000, 0x0000000786e00000)
AC   0  O    TS     3 PTAMS 0x0000000786e14800 NTAMS 0x0000000786e14800 space 1024K, 100% used [0x0000000786e00000, 0x0000000786f00000)
AC   0  F    TS    73 PTAMS 0x0000000786f00000 NTAMS 0x0000000786f00000 space 1024K,   0% used [0x0000000786f00000, 0x0000000787000000)
AC   0  O    TS     0 PTAMS 0x0000000787100000 NTAMS 0x0000000787100000 space 1024K, 100% used [0x0000000787000000, 0x0000000787100000)
AC   0  O    TS     0 PTAMS 0x0000000787200000 NTAMS 0x0000000787200000 space 1024K, 100% used [0x0000000787100000, 0x0000000787200000)
AC   0  F    TS   291 PTAMS 0x0000000787200000 NTAMS 0x0000000787200000 space 1024K,   0% used [0x0000000787200000, 0x0000000787300000)
AC   0  F    TS   291 PTAMS 0x0000000787300000 NTAMS 0x0000000787300000 space 1024K,   0% used [0x0000000787300000, 0x0000000787400000)
AC   0  O    TS     0 PTAMS 0x0000000787500000 NTAMS 0x0000000787500000 space 1024K, 100% used [0x0000000787400000, 0x0000000787500000)
AC   0  F    TS   299 PTAMS 0x0000000787500000 NTAMS 0x0000000787500000 space 1024K,   0% used [0x0000000787500000, 0x0000000787600000)
AC   0  F    TS   299 PTAMS 0x0000000787600000 NTAMS 0x0000000787600000 space 1024K,   0% used [0x0000000787600000, 0x0000000787700000)
AC   0  F    TS   309 PTAMS 0x0000000787700000 NTAMS 0x0000000787700000 space 1024K,   0% used [0x0000000787700000, 0x0000000787800000)
AC   0  F    TS   309 PTAMS 0x0000000787800000 NTAMS 0x0000000787800000 space 1024K,   0% used [0x0000000787800000, 0x0000000787900000)
AC   0  F    TS   309 PTAMS 0x0000000787900000 NTAMS 0x0000000787900000 space 1024K,   0% used [0x0000000787900000, 0x0000000787a00000)
AC   0  F    TS   309 PTAMS 0x0000000787a00000 NTAMS 0x0000000787a00000 space 1024K,   0% used [0x0000000787a00000, 0x0000000787b00000)
AC   0  F    TS   309 PTAMS 0x0000000787b00000 NTAMS 0x0000000787b00000 space 1024K,   0% used [0x0000000787b00000, 0x0000000787c00000)
AC   0  O    TS     0 PTAMS 0x0000000787d00000 NTAMS 0x0000000787d00000 space 1024K, 100% used [0x0000000787c00000, 0x0000000787d00000)
AC   0  F    TS   309 PTAMS 0x0000000787d00000 NTAMS 0x0000000787d00000 space 1024K,   0% used [0x0000000787d00000, 0x0000000787e00000)
AC   0  O    TS     0 PTAMS 0x0000000787f00000 NTAMS 0x0000000787f00000 space 1024K, 100% used [0x0000000787e00000, 0x0000000787f00000)
AC   0  F    TS   309 PTAMS 0x0000000787f00000 NTAMS 0x0000000787f00000 space 1024K,   0% used [0x0000000787f00000, 0x0000000788000000)
AC   0  F    TS   309 PTAMS 0x0000000788000000 NTAMS 0x0000000788000000 space 1024K,   0% used [0x0000000788000000, 0x0000000788100000)
AC   0  S CS TS   315 PTAMS 0x0000000788100000 NTAMS 0x0000000788100000 space 1024K,  49% used [0x0000000788100000, 0x0000000788200000)
AC   0  S CS TS   315 PTAMS 0x0000000788200000 NTAMS 0x0000000788200000 space 1024K, 100% used [0x0000000788200000, 0x0000000788300000)
AC   0  S CS TS   315 PTAMS 0x0000000788300000 NTAMS 0x0000000788300000 space 1024K, 100% used [0x0000000788300000, 0x0000000788400000)
AC   0  S CS TS   315 PTAMS 0x0000000788400000 NTAMS 0x0000000788400000 space 1024K, 100% used [0x0000000788400000, 0x0000000788500000)
AC   0  S CS TS   315 PTAMS 0x0000000788500000 NTAMS 0x0000000788500000 space 1024K, 100% used [0x0000000788500000, 0x0000000788600000)
AC   0  F    TS   311 PTAMS 0x0000000788600000 NTAMS 0x0000000788600000 space 1024K,   0% used [0x0000000788600000, 0x0000000788700000)
AC   0  F    TS   311 PTAMS 0x0000000788700000 NTAMS 0x0000000788700000 space 1024K,   0% used [0x0000000788700000, 0x0000000788800000)
AC   0  F    TS   311 PTAMS 0x0000000788800000 NTAMS 0x0000000788800000 space 1024K,   0% used [0x0000000788800000, 0x0000000788900000)
AC   0  F    TS   311 PTAMS 0x0000000788900000 NTAMS 0x0000000788900000 space 1024K,   0% used [0x0000000788900000, 0x0000000788a00000)
AC   0  F    TS   311 PTAMS 0x0000000788a00000 NTAMS 0x0000000788a00000 space 1024K,   0% used [0x0000000788a00000, 0x0000000788b00000)
AC   0  F    TS   311 PTAMS 0x0000000788b00000 NTAMS 0x0000000788b00000 space 1024K,   0% used [0x0000000788b00000, 0x0000000788c00000)
AC   0  F    TS   311 PTAMS 0x0000000788c00000 NTAMS 0x0000000788c00000 space 1024K,   0% used [0x0000000788c00000, 0x0000000788d00000)
AC   0  F    TS   311 PTAMS 0x0000000788d00000 NTAMS 0x0000000788d00000 space 1024K,   0% used [0x0000000788d00000, 0x0000000788e00000)
AC   0  F    TS   311 PTAMS 0x0000000788e00000 NTAMS 0x0000000788e00000 space 1024K,   0% used [0x0000000788e00000, 0x0000000788f00000)
AC   0  F    TS   313 PTAMS 0x0000000788f00000 NTAMS 0x0000000788f00000 space 1024K,   0% used [0x0000000788f00000, 0x0000000789000000)
AC   0  F    TS   313 PTAMS 0x0000000789000000 NTAMS 0x0000000789000000 space 1024K,   0% used [0x0000000789000000, 0x0000000789100000)
AC   0  F    TS   313 PTAMS 0x0000000789100000 NTAMS 0x0000000789100000 space 1024K,   0% used [0x0000000789100000, 0x0000000789200000)
AC   0  F    TS   313 PTAMS 0x0000000789200000 NTAMS 0x0000000789200000 space 1024K,   0% used [0x0000000789200000, 0x0000000789300000)
AC   0  F    TS   313 PTAMS 0x0000000789300000 NTAMS 0x0000000789300000 space 1024K,   0% used [0x0000000789300000, 0x0000000789400000)
AC   0  F    TS   313 PTAMS 0x0000000789400000 NTAMS 0x0000000789400000 space 1024K,   0% used [0x0000000789400000, 0x0000000789500000)
AC   0  F    TS   313 PTAMS 0x0000000789500000 NTAMS 0x0000000789500000 space 1024K,   0% used [0x0000000789500000, 0x0000000789600000)
AC   0  F    TS   313 PTAMS 0x0000000789600000 NTAMS 0x0000000789600000 space 1024K,   0% used [0x0000000789600000, 0x0000000789700000)
AC   0  F    TS     0 PTAMS 0x0000000789700000 NTAMS 0x0000000789700000 space 1024K,   0% used [0x0000000789700000, 0x0000000789800000)
AC   0  F    TS     0 PTAMS 0x0000000789800000 NTAMS 0x0000000789800000 space 1024K,   0% used [0x0000000789800000, 0x0000000789900000)
AC   0  F    TS     0 PTAMS 0x0000000789900000 NTAMS 0x0000000789900000 space 1024K,   0% used [0x0000000789900000, 0x0000000789a00000)
AC   0  F    TS     0 PTAMS 0x0000000789a00000 NTAMS 0x0000000789a00000 space 1024K,   0% used [0x0000000789a00000, 0x0000000789b00000)
AC   0  F    TS     0 PTAMS 0x0000000789b00000 NTAMS 0x0000000789b00000 space 1024K,   0% used [0x0000000789b00000, 0x0000000789c00000)
AC   0  F    TS     0 PTAMS 0x0000000789c00000 NTAMS 0x0000000789c00000 space 1024K,   0% used [0x0000000789c00000, 0x0000000789d00000)
AC   0  F    TS     0 PTAMS 0x0000000789d00000 NTAMS 0x0000000789d00000 space 1024K,   0% used [0x0000000789d00000, 0x0000000789e00000)
AC   0  F    TS     0 PTAMS 0x0000000789e00000 NTAMS 0x0000000789e00000 space 1024K,   0% used [0x0000000789e00000, 0x0000000789f00000)
AC   0  F    TS     0 PTAMS 0x0000000789f00000 NTAMS 0x0000000789f00000 space 1024K,   0% used [0x0000000789f00000, 0x000000078a000000)
AC   0  F    TS     0 PTAMS 0x000000078a000000 NTAMS 0x000000078a000000 space 1024K,   0% used [0x000000078a000000, 0x000000078a100000)
AC   0  F    TS     0 PTAMS 0x000000078a100000 NTAMS 0x000000078a100000 space 1024K,   0% used [0x000000078a100000, 0x000000078a200000)
AC   0  F    TS     0 PTAMS 0x000000078a200000 NTAMS 0x000000078a200000 space 1024K,   0% used [0x000000078a200000, 0x000000078a300000)
AC   0  F    TS     0 PTAMS 0x000000078a300000 NTAMS 0x000000078a300000 space 1024K,   0% used [0x000000078a300000, 0x000000078a400000)
AC   0  F    TS     0 PTAMS 0x000000078a400000 NTAMS 0x000000078a400000 space 1024K,   0% used [0x000000078a400000, 0x000000078a500000)
AC   0  F    TS     0 PTAMS 0x000000078a500000 NTAMS 0x000000078a500000 space 1024K,   0% used [0x000000078a500000, 0x000000078a600000)
AC   0  F    TS     0 PTAMS 0x000000078a600000 NTAMS 0x000000078a600000 space 1024K,   0% used [0x000000078a600000, 0x000000078a700000)
AC   0  F    TS     0 PTAMS 0x000000078a700000 NTAMS 0x000000078a700000 space 1024K,   0% used [0x000000078a700000, 0x000000078a800000)
AC   0  F    TS     0 PTAMS 0x000000078a800000 NTAMS 0x000000078a800000 space 1024K,   0% used [0x000000078a800000, 0x000000078a900000)
AC   0  F    TS     0 PTAMS 0x000000078a900000 NTAMS 0x000000078a900000 space 1024K,   0% used [0x000000078a900000, 0x000000078aa00000)
AC   0  F    TS     0 PTAMS 0x000000078aa00000 NTAMS 0x000000078aa00000 space 1024K,   0% used [0x000000078aa00000, 0x000000078ab00000)
AC   0  F    TS     0 PTAMS 0x000000078ab00000 NTAMS 0x000000078ab00000 space 1024K,   0% used [0x000000078ab00000, 0x000000078ac00000)
AC   0  F    TS     0 PTAMS 0x000000078ac00000 NTAMS 0x000000078ac00000 space 1024K,   0% used [0x000000078ac00000, 0x000000078ad00000)
AC   0  F    TS     0 PTAMS 0x000000078ad00000 NTAMS 0x000000078ad00000 space 1024K,   0% used [0x000000078ad00000, 0x000000078ae00000)
AC   0  F    TS     0 PTAMS 0x000000078ae00000 NTAMS 0x000000078ae00000 space 1024K,   0% used [0x000000078ae00000, 0x000000078af00000)
AC   0  F    TS     0 PTAMS 0x000000078af00000 NTAMS 0x000000078af00000 space 1024K,   0% used [0x000000078af00000, 0x000000078b000000)
AC   0  F    TS     0 PTAMS 0x000000078b000000 NTAMS 0x000000078b000000 space 1024K,   0% used [0x000000078b000000, 0x000000078b100000)
AC   0  F    TS     0 PTAMS 0x000000078b100000 NTAMS 0x000000078b100000 space 1024K,   0% used [0x000000078b100000, 0x000000078b200000)
AC   0  F    TS     0 PTAMS 0x000000078b200000 NTAMS 0x000000078b200000 space 1024K,   0% used [0x000000078b200000, 0x000000078b300000)
AC   0  F    TS     0 PTAMS 0x000000078b300000 NTAMS 0x000000078b300000 space 1024K,   0% used [0x000000078b300000, 0x000000078b400000)
AC   0  F    TS     0 PTAMS 0x000000078b400000 NTAMS 0x000000078b400000 space 1024K,   0% used [0x000000078b400000, 0x000000078b500000)
AC   0  F    TS     0 PTAMS 0x000000078b500000 NTAMS 0x000000078b500000 space 1024K,   0% used [0x000000078b500000, 0x000000078b600000)
AC   0  F    TS     0 PTAMS 0x000000078b600000 NTAMS 0x000000078b600000 space 1024K,   0% used [0x000000078b600000, 0x000000078b700000)
AC   0  F    TS     0 PTAMS 0x000000078b700000 NTAMS 0x000000078b700000 space 1024K,   0% used [0x000000078b700000, 0x000000078b800000)
AC   0  F    TS     0 PTAMS 0x000000078b800000 NTAMS 0x000000078b800000 space 1024K,   0% used [0x000000078b800000, 0x000000078b900000)
AC   0  F    TS     0 PTAMS 0x000000078b900000 NTAMS 0x000000078b900000 space 1024K,   0% used [0x000000078b900000, 0x000000078ba00000)
AC   0  F    TS     0 PTAMS 0x000000078ba00000 NTAMS 0x000000078ba00000 space 1024K,   0% used [0x000000078ba00000, 0x000000078bb00000)
AC   0  F    TS     0 PTAMS 0x000000078bb00000 NTAMS 0x000000078bb00000 space 1024K,   0% used [0x000000078bb00000, 0x000000078bc00000)
AC   0  F    TS     0 PTAMS 0x000000078bc00000 NTAMS 0x000000078bc00000 space 1024K,   0% used [0x000000078bc00000, 0x000000078bd00000)
AC   0  F    TS     0 PTAMS 0x000000078bd00000 NTAMS 0x000000078bd00000 space 1024K,   0% used [0x000000078bd00000, 0x000000078be00000)
AC   0  F    TS     0 PTAMS 0x000000078be00000 NTAMS 0x000000078be00000 space 1024K,   0% used [0x000000078be00000, 0x000000078bf00000)
AC   0  F    TS     0 PTAMS 0x000000078bf00000 NTAMS 0x000000078bf00000 space 1024K,   0% used [0x000000078bf00000, 0x000000078c000000)
AC   0  F    TS     0 PTAMS 0x000000078c000000 NTAMS 0x000000078c000000 space 1024K,   0% used [0x000000078c000000, 0x000000078c100000)
AC   0  F    TS     0 PTAMS 0x000000078c100000 NTAMS 0x000000078c100000 space 1024K,   0% used [0x000000078c100000, 0x000000078c200000)
AC   0  F    TS     0 PTAMS 0x000000078c200000 NTAMS 0x000000078c200000 space 1024K,   0% used [0x000000078c200000, 0x000000078c300000)
AC   0  F    TS     0 PTAMS 0x000000078c300000 NTAMS 0x000000078c300000 space 1024K,   0% used [0x000000078c300000, 0x000000078c400000)
AC   0  F    TS     0 PTAMS 0x000000078c400000 NTAMS 0x000000078c400000 space 1024K,   0% used [0x000000078c400000, 0x000000078c500000)
AC   0  F    TS     0 PTAMS 0x000000078c500000 NTAMS 0x000000078c500000 space 1024K,   0% used [0x000000078c500000, 0x000000078c600000)
AC   0  F    TS     0 PTAMS 0x000000078c600000 NTAMS 0x000000078c600000 space 1024K,   0% used [0x000000078c600000, 0x000000078c700000)
AC   0  F    TS     0 PTAMS 0x000000078c700000 NTAMS 0x000000078c700000 space 1024K,   0% used [0x000000078c700000, 0x000000078c800000)
AC   0  F    TS     0 PTAMS 0x000000078c800000 NTAMS 0x000000078c800000 space 1024K,   0% used [0x000000078c800000, 0x000000078c900000)
AC   0  F    TS     0 PTAMS 0x000000078c900000 NTAMS 0x000000078c900000 space 1024K,   0% used [0x000000078c900000, 0x000000078ca00000)
AC   0  F    TS     0 PTAMS 0x000000078ca00000 NTAMS 0x000000078ca00000 space 1024K,   0% used [0x000000078ca00000, 0x000000078cb00000)
AC   0  F    TS     0 PTAMS 0x000000078cb00000 NTAMS 0x000000078cb00000 space 1024K,   0% used [0x000000078cb00000, 0x000000078cc00000)
AC   0  F    TS     0 PTAMS 0x000000078cc00000 NTAMS 0x000000078cc00000 space 1024K,   0% used [0x000000078cc00000, 0x000000078cd00000)
AC   0  F    TS     0 PTAMS 0x000000078cd00000 NTAMS 0x000000078cd00000 space 1024K,   0% used [0x000000078cd00000, 0x000000078ce00000)
AC   0  F    TS     0 PTAMS 0x000000078ce00000 NTAMS 0x000000078ce00000 space 1024K,   0% used [0x000000078ce00000, 0x000000078cf00000)
AC   0  F    TS     0 PTAMS 0x000000078cf00000 NTAMS 0x000000078cf00000 space 1024K,   0% used [0x000000078cf00000, 0x000000078d000000)
AC   0  F    TS     0 PTAMS 0x000000078d000000 NTAMS 0x000000078d000000 space 1024K,   0% used [0x000000078d000000, 0x000000078d100000)
AC   0  F    TS     0 PTAMS 0x000000078d100000 NTAMS 0x000000078d100000 space 1024K,   0% used [0x000000078d100000, 0x000000078d200000)
AC   0  F    TS     0 PTAMS 0x000000078d200000 NTAMS 0x000000078d200000 space 1024K,   0% used [0x000000078d200000, 0x000000078d300000)
AC   0  F    TS     0 PTAMS 0x000000078d300000 NTAMS 0x000000078d300000 space 1024K,   0% used [0x000000078d300000, 0x000000078d400000)
AC   0  F    TS     0 PTAMS 0x000000078d400000 NTAMS 0x000000078d400000 space 1024K,   0% used [0x000000078d400000, 0x000000078d500000)
AC   0  F    TS     0 PTAMS 0x000000078d500000 NTAMS 0x000000078d500000 space 1024K,   0% used [0x000000078d500000, 0x000000078d600000)
AC   0  F    TS     0 PTAMS 0x000000078d600000 NTAMS 0x000000078d600000 space 1024K,   0% used [0x000000078d600000, 0x000000078d700000)
AC   0  F    TS     0 PTAMS 0x000000078d700000 NTAMS 0x000000078d700000 space 1024K,   0% used [0x000000078d700000, 0x000000078d800000)
AC   0  F    TS     0 PTAMS 0x000000078d800000 NTAMS 0x000000078d800000 space 1024K,   0% used [0x000000078d800000, 0x000000078d900000)
AC   0  F    TS     0 PTAMS 0x000000078d900000 NTAMS 0x000000078d900000 space 1024K,   0% used [0x000000078d900000, 0x000000078da00000)
AC   0  F    TS     0 PTAMS 0x000000078da00000 NTAMS 0x000000078da00000 space 1024K,   0% used [0x000000078da00000, 0x000000078db00000)
AC   0  F    TS     0 PTAMS 0x000000078db00000 NTAMS 0x000000078db00000 space 1024K,   0% used [0x000000078db00000, 0x000000078dc00000)
AC   0  F    TS     0 PTAMS 0x000000078dc00000 NTAMS 0x000000078dc00000 space 1024K,   0% used [0x000000078dc00000, 0x000000078dd00000)
AC   0  F    TS     0 PTAMS 0x000000078dd00000 NTAMS 0x000000078dd00000 space 1024K,   0% used [0x000000078dd00000, 0x000000078de00000)
AC   0  F    TS     0 PTAMS 0x000000078de00000 NTAMS 0x000000078de00000 space 1024K,   0% used [0x000000078de00000, 0x000000078df00000)
AC   0  F    TS     0 PTAMS 0x000000078df00000 NTAMS 0x000000078df00000 space 1024K,   0% used [0x000000078df00000, 0x000000078e000000)
AC   0  F    TS     0 PTAMS 0x000000078e000000 NTAMS 0x000000078e000000 space 1024K,   0% used [0x000000078e000000, 0x000000078e100000)
AC   0  F    TS     0 PTAMS 0x000000078e100000 NTAMS 0x000000078e100000 space 1024K,   0% used [0x000000078e100000, 0x000000078e200000)
AC   0  F    TS     0 PTAMS 0x000000078e200000 NTAMS 0x000000078e200000 space 1024K,   0% used [0x000000078e200000, 0x000000078e300000)
AC   0  F    TS     0 PTAMS 0x000000078e300000 NTAMS 0x000000078e300000 space 1024K,   0% used [0x000000078e300000, 0x000000078e400000)
AC   0  F    TS     0 PTAMS 0x000000078e400000 NTAMS 0x000000078e400000 space 1024K,   0% used [0x000000078e400000, 0x000000078e500000)
AC   0  E    TS     0 PTAMS 0x000000078e500000 NTAMS 0x000000078e500000 space 1024K,  33% used [0x000000078e500000, 0x000000078e600000)
AC   0  E CS TS     0 PTAMS 0x000000078e600000 NTAMS 0x000000078e600000 space 1024K, 100% used [0x000000078e600000, 0x000000078e700000)
AC   0  E CS TS     0 PTAMS 0x000000078e700000 NTAMS 0x000000078e700000 space 1024K, 100% used [0x000000078e700000, 0x000000078e800000)
AC   0  E CS TS     0 PTAMS 0x000000078e800000 NTAMS 0x000000078e800000 space 1024K, 100% used [0x000000078e800000, 0x000000078e900000)
AC   0  E CS TS     0 PTAMS 0x000000078e900000 NTAMS 0x000000078e900000 space 1024K, 100% used [0x000000078e900000, 0x000000078ea00000)
AC   0  E CS TS     0 PTAMS 0x000000078ea00000 NTAMS 0x000000078ea00000 space 1024K, 100% used [0x000000078ea00000, 0x000000078eb00000)
AC   0  E CS TS     0 PTAMS 0x000000078eb00000 NTAMS 0x000000078eb00000 space 1024K, 100% used [0x000000078eb00000, 0x000000078ec00000)
AC   0  E CS TS     0 PTAMS 0x000000078ec00000 NTAMS 0x000000078ec00000 space 1024K, 100% used [0x000000078ec00000, 0x000000078ed00000)
AC   0  E CS TS     0 PTAMS 0x000000078ed00000 NTAMS 0x000000078ed00000 space 1024K, 100% used [0x000000078ed00000, 0x000000078ee00000)
AC   0  E CS TS     0 PTAMS 0x000000078ee00000 NTAMS 0x000000078ee00000 space 1024K, 100% used [0x000000078ee00000, 0x000000078ef00000)
AC   0  E CS TS     0 PTAMS 0x000000078ef00000 NTAMS 0x000000078ef00000 space 1024K, 100% used [0x000000078ef00000, 0x000000078f000000)
AC   0  E CS TS     0 PTAMS 0x000000078f000000 NTAMS 0x000000078f000000 space 1024K, 100% used [0x000000078f000000, 0x000000078f100000)
AC   0  E CS TS     0 PTAMS 0x000000078f100000 NTAMS 0x000000078f100000 space 1024K, 100% used [0x000000078f100000, 0x000000078f200000)
AC   0  E CS TS     0 PTAMS 0x000000078f200000 NTAMS 0x000000078f200000 space 1024K, 100% used [0x000000078f200000, 0x000000078f300000)
AC   0  E CS TS     0 PTAMS 0x000000078f300000 NTAMS 0x000000078f300000 space 1024K, 100% used [0x000000078f300000, 0x000000078f400000)
AC   0  E CS TS     0 PTAMS 0x000000078f400000 NTAMS 0x000000078f400000 space 1024K, 100% used [0x000000078f400000, 0x000000078f500000)
AC   0  E CS TS     0 PTAMS 0x000000078f500000 NTAMS 0x000000078f500000 space 1024K, 100% used [0x000000078f500000, 0x000000078f600000)
AC   0  E CS TS     0 PTAMS 0x000000078f600000 NTAMS 0x000000078f600000 space 1024K, 100% used [0x000000078f600000, 0x000000078f700000)
AC   0  E CS TS     0 PTAMS 0x000000078f700000 NTAMS 0x000000078f700000 space 1024K, 100% used [0x000000078f700000, 0x000000078f800000)
AC   0  E CS TS     0 PTAMS 0x000000078f800000 NTAMS 0x000000078f800000 space 1024K, 100% used [0x000000078f800000, 0x000000078f900000)
AC   0  E CS TS     0 PTAMS 0x000000078f900000 NTAMS 0x000000078f900000 space 1024K, 100% used [0x000000078f900000, 0x000000078fa00000)
AC   0  E CS TS     0 PTAMS 0x000000078fa00000 NTAMS 0x000000078fa00000 space 1024K, 100% used [0x000000078fa00000, 0x000000078fb00000)
AC   0  E CS TS     5 PTAMS 0x000000078fb00000 NTAMS 0x000000078fb00000 space 1024K, 100% used [0x000000078fb00000, 0x000000078fc00000)
AC   0  E CS TS     3 PTAMS 0x000000078fc00000 NTAMS 0x000000078fc00000 space 1024K, 100% used [0x000000078fc00000, 0x000000078fd00000)
AC   0  E CS TS     3 PTAMS 0x000000078fd00000 NTAMS 0x000000078fd00000 space 1024K, 100% used [0x000000078fd00000, 0x000000078fe00000)
AC   0  E CS TS     0 PTAMS 0x000000078fe00000 NTAMS 0x000000078fe00000 space 1024K, 100% used [0x000000078fe00000, 0x000000078ff00000)
AC   0  E CS TS     0 PTAMS 0x000000078ff00000 NTAMS 0x000000078ff00000 space 1024K, 100% used [0x000000078ff00000, 0x0000000790000000)
AC   0  E CS TS     0 PTAMS 0x0000000790000000 NTAMS 0x0000000790000000 space 1024K, 100% used [0x0000000790000000, 0x0000000790100000)
AC   0  E CS TS     0 PTAMS 0x0000000790100000 NTAMS 0x0000000790100000 space 1024K, 100% used [0x0000000790100000, 0x0000000790200000)
AC   0  E CS TS     0 PTAMS 0x0000000790200000 NTAMS 0x0000000790200000 space 1024K, 100% used [0x0000000790200000, 0x0000000790300000)
AC   0  E CS TS     0 PTAMS 0x0000000790300000 NTAMS 0x0000000790300000 space 1024K, 100% used [0x0000000790300000, 0x0000000790400000)
AC   0  E CS TS     0 PTAMS 0x0000000790400000 NTAMS 0x0000000790400000 space 1024K, 100% used [0x0000000790400000, 0x0000000790500000)
AC   0  E CS TS     0 PTAMS 0x0000000790500000 NTAMS 0x0000000790500000 space 1024K, 100% used [0x0000000790500000, 0x0000000790600000)
AC   0  E CS TS     0 PTAMS 0x0000000790600000 NTAMS 0x0000000790600000 space 1024K, 100% used [0x0000000790600000, 0x0000000790700000)
AC   0  E CS TS     0 PTAMS 0x0000000790700000 NTAMS 0x0000000790700000 space 1024K, 100% used [0x0000000790700000, 0x0000000790800000)
AC   0  E CS TS     0 PTAMS 0x0000000790800000 NTAMS 0x0000000790800000 space 1024K, 100% used [0x0000000790800000, 0x0000000790900000)

Card table byte_map: [0x0000000117462000,0x0000000117662000] byte_map_base: 0x0000000113862000

Marking Bits (Prev, Next): (CMBitMap*) 0x00000001018314e0, (CMBitMap*) 0x0000000101831488
 Prev Bits: [0x0000000118862000, 0x0000000119862000)
 Next Bits: [0x0000000117862000, 0x0000000118862000)

Polling page: 0x000000010042f000

CodeCache: size=245760Kb used=87179Kb max_used=87192Kb free=158580Kb
 bounds [0x00000001077a2000, 0x000000010cd72000, 0x00000001167a2000]
 total_blobs=22074 nmethods=21288 adapters=692
 compilation: enabled

Compilation events (10 events):
Event: 16813.810 Thread 0x0000000100868000 30723   !   3       org.eclipse.debug.internal.core.LaunchConfiguration::getMappedResources (358 bytes)
Event: 16813.812 Thread 0x0000000100868000 nmethod 30723 0x000000010cd68910 code [0x000000010cd68e20, 0x000000010cd6bea8]
Event: 16813.812 Thread 0x0000000100868000 30724   !   3       java.lang.Integer::decode (244 bytes)
Event: 16813.813 Thread 0x0000000100868000 nmethod 30724 0x000000010cd6d9d0 code [0x000000010cd6dd20, 0x000000010cd6f908]
Event: 16813.835 Thread 0x0000000100868000 30725       3       org.eclipse.core.internal.resources.Workspace$2::matches (19 bytes)
Event: 16813.835 Thread 0x0000000100868000 nmethod 30725 0x000000010cd5efd0 code [0x000000010cd5f140, 0x000000010cd5f3c8]
Event: 16813.835 Thread 0x0000000100868000 30726       3       org.eclipse.cdt.managedbuilder.internal.core.Builder::getMacroContextData (2 bytes)
Event: 16813.835 Thread 0x0000000100868000 nmethod 30726 0x000000010cd5ec90 code [0x000000010cd5ede0, 0x000000010cd5ef30]
Event: 16813.838 Thread 0x0000000106004000 30727       4       org.eclipse.cdt.internal.core.cdtvariables.CdtVariableManager::getMacroContextInfo (21 bytes)
Event: 16813.810 Thread 0x0000000100868000 nmethod 30722 0x000000010cd5f490 code [0x000000010cd5f720, 0x000000010cd60468]

GC Heap History (10 events):
Event: 16794.899 GC heap before
{Heap before GC invocations=909 (full 0):
 garbage-first heap   total 271360K, used 236152K [0x0000000780000000, 0x0000000780100848, 0x00000007c0000000)
  region size 1024K, 134 young (137216K), 6 survivors (6144K)
 Metaspace       used 114566K, capacity 125464K, committed 125592K, reserved 1157120K
  class space    used 13823K, capacity 17006K, committed 17048K, reserved 1048576K
Event: 16794.905 GC heap after
Heap after GC invocations=910 (full 0):
 garbage-first heap   total 271360K, used 104016K [0x0000000780000000, 0x0000000780100848, 0x00000007c0000000)
  region size 1024K, 5 young (5120K), 5 survivors (5120K)
 Metaspace       used 114566K, capacity 125464K, committed 125592K, reserved 1157120K
  class space    used 13823K, capacity 17006K, committed 17048K, reserved 1048576K
}
Event: 16798.687 GC heap before
{Heap before GC invocations=910 (full 0):
 garbage-first heap   total 271360K, used 237136K [0x0000000780000000, 0x0000000780100848, 0x00000007c0000000)
  region size 1024K, 135 young (138240K), 5 survivors (5120K)
 Metaspace       used 114572K, capacity 125464K, committed 125592K, reserved 1157120K
  class space    used 13823K, capacity 17006K, committed 17048K, reserved 1048576K
Event: 16798.695 GC heap after
Heap after GC invocations=911 (full 0):
 garbage-first heap   total 271360K, used 108491K [0x0000000780000000, 0x0000000780100848, 0x00000007c0000000)
  region size 1024K, 9 young (9216K), 9 survivors (9216K)
 Metaspace       used 114572K, capacity 125464K, committed 125592K, reserved 1157120K
  class space    used 13823K, capacity 17006K, committed 17048K, reserved 1048576K
}
Event: 16799.204 GC heap before
{Heap before GC invocations=911 (full 0):
 garbage-first heap   total 271360K, used 233419K [0x0000000780000000, 0x0000000780100848, 0x00000007c0000000)
  region size 1024K, 131 young (134144K), 9 survivors (9216K)
 Metaspace       used 114579K, capacity 125464K, committed 125592K, reserved 1157120K
  class space    used 13823K, capacity 17006K, committed 17048K, reserved 1048576K
Event: 16799.215 GC heap after
Heap after GC invocations=912 (full 0):
 garbage-first heap   total 271360K, used 112255K [0x0000000780000000, 0x0000000780100848, 0x00000007c0000000)
  region size 1024K, 13 young (13312K), 13 survivors (13312K)
 Metaspace       used 114579K, capacity 125464K, committed 125592K, reserved 1157120K
  class space    used 13823K, capacity 17006K, committed 17048K, reserved 1048576K
}
Event: 16799.567 GC heap before
{Heap before GC invocations=912 (full 0):
 garbage-first heap   total 271360K, used 228991K [0x0000000780000000, 0x0000000780100848, 0x00000007c0000000)
  region size 1024K, 127 young (130048K), 13 survivors (13312K)
 Metaspace       used 114580K, capacity 125464K, committed 125592K, reserved 1157120K
  class space    used 13823K, capacity 17006K, committed 17048K, reserved 1048576K
Event: 16799.576 GC heap after
Heap after GC invocations=913 (full 0):
 garbage-first heap   total 271360K, used 108295K [0x0000000780000000, 0x0000000780100848, 0x00000007c0000000)
  region size 1024K, 8 young (8192K), 8 survivors (8192K)
 Metaspace       used 114580K, capacity 125464K, committed 125592K, reserved 1157120K
  class space    used 13823K, capacity 17006K, committed 17048K, reserved 1048576K
}
Event: 16808.718 GC heap before
{Heap before GC invocations=913 (full 0):
 garbage-first heap   total 271360K, used 234247K [0x0000000780000000, 0x0000000780100848, 0x00000007c0000000)
  region size 1024K, 131 young (134144K), 8 survivors (8192K)
 Metaspace       used 114619K, capacity 125592K, committed 125848K, reserved 1159168K
  class space    used 13823K, capacity 17006K, committed 17048K, reserved 1048576K
Event: 16808.728 GC heap after
Heap after GC invocations=914 (full 0):
 garbage-first heap   total 271360K, used 105223K [0x0000000780000000, 0x0000000780100848, 0x00000007c0000000)
  region size 1024K, 5 young (5120K), 5 survivors (5120K)
 Metaspace       used 114619K, capacity 125592K, committed 125848K, reserved 1159168K
  class space    used 13823K, capacity 17006K, committed 17048K, reserved 1048576K
}

Deoptimization events (10 events):
Event: 16577.785 Thread 0x00000001054f4000 Uncommon trap: reason=unstable_if action=reinterpret pc=0x000000010c5a9940 method=org.eclipse.ui.internal.console.IOConsolePartitioner.streamAppended(Lorg/eclipse/ui/console/IOConsoleOutputStream;Ljava/lang/String;)V @ 71
Event: 16577.837 Thread 0x0000000102004000 Uncommon trap: reason=unstable_if action=reinterpret pc=0x0000000108757a08 method=java.util.regex.Pattern$Dollar.match(Ljava/util/regex/Matcher;ILjava/lang/CharSequence;)Z @ 120
Event: 16577.838 Thread 0x0000000102004000 Uncommon trap: reason=unstable_if action=reinterpret pc=0x000000010ba30afc method=org.eclipse.ui.internal.console.IOConsolePartitioner.computePartitioning(II)[Lorg/eclipse/jface/text/ITypedRegion; @ 28
Event: 16638.075 Thread 0x0000000102004000 Uncommon trap: reason=unstable_if action=reinterpret pc=0x000000010c6988dc method=org.eclipse.swt.custom.StyledTextRenderer.drawLine(IIILorg/eclipse/swt/graphics/GC;Lorg/eclipse/swt/graphics/Color;Lorg/eclipse/swt/graphics/Color;)I @ 291
Event: 16638.275 Thread 0x0000000102004000 Uncommon trap: reason=unstable_if action=reinterpret pc=0x000000010be1e144 method=org.eclipse.swt.graphics.TextLayout.draw(Lorg/eclipse/swt/graphics/GC;IIIILorg/eclipse/swt/graphics/Color;Lorg/eclipse/swt/graphics/Color;I)V @ 529
Event: 16640.180 Thread 0x0000000102004000 Uncommon trap: reason=unstable_if action=reinterpret pc=0x000000010a6dc598 method=org.eclipse.e4.ui.bindings.internal.BindingTableManager.isPartialMatch(Lorg/eclipse/e4/ui/bindings/internal/ContextSet;Lorg/eclipse/jface/bindings/TriggerSequence;)Z @ 47
Event: 16640.180 Thread 0x0000000102004000 Uncommon trap: reason=unstable_if action=reinterpret pc=0x000000010a1c7b64 method=org.eclipse.e4.ui.bindings.internal.BindingTableManager.getPerfectMatch(Lorg/eclipse/e4/ui/bindings/internal/ContextSet;Lorg/eclipse/jface/bindings/TriggerSequence;)Lorg/ecl
Event: 16799.679 Thread 0x0000000122fd6800 Uncommon trap: reason=unstable_if action=reinterpret pc=0x000000010988e490 method=org.eclipse.cdt.internal.core.pdom.WritablePDOM.isCommitted(Lorg/eclipse/cdt/internal/core/pdom/dom/PDOMName;)Z @ 4
Event: 16799.680 Thread 0x0000000122fd6800 Uncommon trap: reason=unstable_if action=reinterpret pc=0x00000001098c68bc method=org.eclipse.cdt.internal.core.pdom.WritablePDOM.isCommitted(Lorg/eclipse/cdt/internal/core/pdom/dom/PDOMName;)Z @ 4
Event: 16799.685 Thread 0x0000000122fd6800 Uncommon trap: reason=bimorphic action=maybe_recompile pc=0x000000010c88fcd4 method=org.eclipse.cdt.internal.core.pdom.dom.cpp.CPPFindBinding.findBinding(Lorg/eclipse/cdt/internal/core/pdom/dom/PDOMNode;Lorg/eclipse/cdt/internal/core/pdom/dom/PDOMLinkage;

Internal exceptions (10 events):
Event: 16810.294 Thread 0x0000000127f2d000 Exception <a 'java/lang/UnsatisfiedLinkError': org.eclipse.cdt.utils.spawner.SpawnerInputStream.available0(I)I> (0x000000078fc1faf8) thrown at [/Users/java_re/workspace/8-2-build-macosx-x86_64/jdk8u121/8372/hotspot/src/share/vm/prims/nativeLookup.cpp, lin
Event: 16810.299 Thread 0x0000000127f2d000 Exception <a 'java/lang/UnsatisfiedLinkError': org.eclipse.cdt.utils.spawner.SpawnerInputStream.available0(I)I> (0x000000078fc4fdf8) thrown at [/Users/java_re/workspace/8-2-build-macosx-x86_64/jdk8u121/8372/hotspot/src/share/vm/prims/nativeLookup.cpp, lin
Event: 16810.304 Thread 0x0000000127f2d000 Exception <a 'java/lang/UnsatisfiedLinkError': org.eclipse.cdt.utils.spawner.SpawnerInputStream.available0(I)I> (0x000000078fc80760) thrown at [/Users/java_re/workspace/8-2-build-macosx-x86_64/jdk8u121/8372/hotspot/src/share/vm/prims/nativeLookup.cpp, lin
Event: 16811.306 Thread 0x0000000127f2d000 Exception <a 'java/lang/UnsatisfiedLinkError': org.eclipse.cdt.utils.spawner.SpawnerInputStream.available0(I)I> (0x000000078fcb3760) thrown at [/Users/java_re/workspace/8-2-build-macosx-x86_64/jdk8u121/8372/hotspot/src/share/vm/prims/nativeLookup.cpp, lin
Event: 16811.317 Thread 0x0000000100971000 Exception <a 'java/lang/UnsatisfiedLinkError': org.eclipse.cdt.utils.spawner.SpawnerInputStream.available0(I)I> (0x0000000790162eb0) thrown at [/Users/java_re/workspace/8-2-build-macosx-x86_64/jdk8u121/8372/hotspot/src/share/vm/prims/nativeLookup.cpp, lin
Event: 16811.319 Thread 0x0000000100971000 Exception <a 'java/lang/UnsatisfiedLinkError': org.eclipse.cdt.utils.spawner.SpawnerInputStream.available0(I)I> (0x0000000790173190) thrown at [/Users/java_re/workspace/8-2-build-macosx-x86_64/jdk8u121/8372/hotspot/src/share/vm/prims/nativeLookup.cpp, lin
Event: 16811.388 Thread 0x0000000100971000 Exception <a 'java/lang/UnsatisfiedLinkError': org.eclipse.cdt.utils.spawner.SpawnerInputStream.available0(I)I> (0x0000000790186ff8) thrown at [/Users/java_re/workspace/8-2-build-macosx-x86_64/jdk8u121/8372/hotspot/src/share/vm/prims/nativeLookup.cpp, lin
Event: 16811.625 Thread 0x0000000127150800 Exception <a 'sun/nio/fs/UnixException'> (0x000000078ea8c870) thrown at [/Users/java_re/workspace/8-2-build-macosx-x86_64/jdk8u121/8372/hotspot/src/share/vm/prims/jni.cpp, line 709]
Event: 16811.626 Thread 0x0000000127150800 Exception <a 'sun/nio/fs/UnixException'> (0x000000078ea93c38) thrown at [/Users/java_re/workspace/8-2-build-macosx-x86_64/jdk8u121/8372/hotspot/src/share/vm/prims/jni.cpp, line 709]
Event: 16811.626 Thread 0x0000000127150800 Exception <a 'sun/nio/fs/UnixException'> (0x000000078ea97178) thrown at [/Users/java_re/workspace/8-2-build-macosx-x86_64/jdk8u121/8372/hotspot/src/share/vm/prims/jni.cpp, line 709]

Events (10 events):
Event: 16811.466 Thread 0x00000001026c1800 Thread exited: 0x00000001026c1800
Event: 16811.466 Executing VM operation: RevokeBias
Event: 16811.466 Executing VM operation: RevokeBias done
Event: 16813.809 Executing VM operation: RevokeBias
Event: 16813.809 Executing VM operation: RevokeBias done
Event: 16813.810 Executing VM operation: RevokeBias
Event: 16813.810 Executing VM operation: RevokeBias done
Event: 16813.836 Executing VM operation: BulkRevokeBias
Event: 16813.836 Executing VM operation: BulkRevokeBias done
Event: 16813.838 Thread 0x0000000122f73000 Thread added: 0x0000000122f73000


Dynamic libraries:
0x000000000155e000 	/System/Library/Frameworks/Cocoa.framework/Versions/A/Cocoa
0x000000000155e000 	/usr/lib/libSystem.B.dylib
0x000000000155e000 	/System/Library/Frameworks/CoreServices.framework/Versions/A/CoreServices
0x000000000155e000 	/usr/lib/libobjc.A.dylib
0x000000000155e000 	/System/Library/Frameworks/CoreFoundation.framework/Versions/A/CoreFoundation
0x000000000155e000 	/System/Library/Frameworks/AppKit.framework/Versions/C/AppKit
0x000000000155e000 	/System/Library/Frameworks/ApplicationServices.framework/Versions/A/ApplicationServices
0x000000000155e000 	/System/Library/Frameworks/Foundation.framework/Versions/C/Foundation
0x000000000155e000 	/System/Library/Frameworks/CoreData.framework/Versions/A/CoreData
0x000000000155e000 	/System/Library/PrivateFrameworks/RemoteViewServices.framework/Versions/A/RemoteViewServices
0x000000000155e000 	/System/Library/PrivateFrameworks/UIFoundation.framework/Versions/A/UIFoundation
0x000000000155e000 	/System/Library/PrivateFrameworks/DFRFoundation.framework/Versions/A/DFRFoundation
0x000000000155e000 	/usr/lib/libenergytrace.dylib
0x000000000155e000 	/System/Library/PrivateFrameworks/SkyLight.framework/Versions/A/SkyLight
0x000000000155e000 	/System/Library/Frameworks/CoreGraphics.framework/Versions/A/CoreGraphics
0x000000000155e000 	/usr/lib/libScreenReader.dylib
0x000000000155e000 	/System/Library/Frameworks/Accelerate.framework/Versions/A/Accelerate
0x000000000155e000 	/System/Library/Frameworks/IOSurface.framework/Versions/A/IOSurface
0x000000000155e000 	/System/Library/Frameworks/AudioToolbox.framework/Versions/A/AudioToolbox
0x000000000155e000 	/System/Library/Frameworks/AudioUnit.framework/Versions/A/AudioUnit
0x000000000155e000 	/System/Library/PrivateFrameworks/DataDetectorsCore.framework/Versions/A/DataDetectorsCore
0x000000000155e000 	/System/Library/PrivateFrameworks/DesktopServicesPriv.framework/Versions/A/DesktopServicesPriv
0x000000000155e000 	/System/Library/Frameworks/Carbon.framework/Versions/A/Frameworks/HIToolbox.framework/Versions/A/HIToolbox
0x000000000155e000 	/usr/lib/libicucore.A.dylib
0x000000000155e000 	/usr/lib/libz.1.dylib
0x000000000155e000 	/System/Library/Frameworks/QuartzCore.framework/Versions/A/QuartzCore
0x000000000155e000 	/System/Library/Frameworks/Security.framework/Versions/A/Security
0x000000000155e000 	/System/Library/Frameworks/Carbon.framework/Versions/A/Frameworks/SpeechRecognition.framework/Versions/A/SpeechRecognition
0x000000000155e000 	/usr/lib/libauto.dylib
0x000000000155e000 	/usr/lib/libxml2.2.dylib
0x000000000155e000 	/System/Library/PrivateFrameworks/CoreUI.framework/Versions/A/CoreUI
0x000000000155e000 	/System/Library/Frameworks/CoreAudio.framework/Versions/A/CoreAudio
0x000000000155e000 	/System/Library/Frameworks/DiskArbitration.framework/Versions/A/DiskArbitration
0x000000000155e000 	/usr/lib/liblangid.dylib
0x000000000155e000 	/System/Library/PrivateFrameworks/MultitouchSupport.framework/Versions/A/MultitouchSupport
0x000000000155e000 	/System/Library/Frameworks/IOKit.framework/Versions/A/IOKit
0x000000000155e000 	/usr/lib/libDiagnosticMessagesClient.dylib
0x000000000155e000 	/System/Library/PrivateFrameworks/PerformanceAnalysis.framework/Versions/A/PerformanceAnalysis
0x000000000155e000 	/System/Library/PrivateFrameworks/GenerationalStorage.framework/Versions/A/GenerationalStorage
0x000000000155e000 	/System/Library/Frameworks/OpenGL.framework/Versions/A/OpenGL
0x000000000155e000 	/System/Library/Frameworks/CoreImage.framework/Versions/A/CoreImage
0x000000000155e000 	/System/Library/Frameworks/CoreText.framework/Versions/A/CoreText
0x000000000155e000 	/System/Library/Frameworks/ImageIO.framework/Versions/A/ImageIO
0x000000000155e000 	/System/Library/PrivateFrameworks/Backup.framework/Versions/A/Backup
0x000000000155e000 	/usr/lib/libarchive.2.dylib
0x000000000155e000 	/System/Library/Frameworks/CFNetwork.framework/Versions/A/CFNetwork
0x000000000155e000 	/System/Library/Frameworks/SystemConfiguration.framework/Versions/A/SystemConfiguration
0x000000000155e000 	/usr/lib/libCRFSuite.dylib
0x000000000155e000 	/usr/lib/libc++.1.dylib
0x000000000155e000 	/usr/lib/libc++abi.dylib
0x000000000155e000 	/usr/lib/system/libcache.dylib
0x000000000155e000 	/usr/lib/system/libcommonCrypto.dylib
0x000000000155e000 	/usr/lib/system/libcompiler_rt.dylib
0x000000000155e000 	/usr/lib/system/libcopyfile.dylib
0x000000000155e000 	/usr/lib/system/libcorecrypto.dylib
0x000000000155e000 	/usr/lib/system/libdispatch.dylib
0x000000000155e000 	/usr/lib/system/libdyld.dylib
0x000000000155e000 	/usr/lib/system/libkeymgr.dylib
0x000000000155e000 	/usr/lib/system/liblaunch.dylib
0x000000000155e000 	/usr/lib/system/libmacho.dylib
0x000000000155e000 	/usr/lib/system/libquarantine.dylib
0x000000000155e000 	/usr/lib/system/libremovefile.dylib
0x000000000155e000 	/usr/lib/system/libsystem_asl.dylib
0x000000000155e000 	/usr/lib/system/libsystem_blocks.dylib
0x000000000155e000 	/usr/lib/system/libsystem_c.dylib
0x000000000155e000 	/usr/lib/system/libsystem_configuration.dylib
0x000000000155e000 	/usr/lib/system/libsystem_coreservices.dylib
0x000000000155e000 	/usr/lib/system/libsystem_coretls.dylib
0x000000000155e000 	/usr/lib/system/libsystem_dnssd.dylib
0x000000000155e000 	/usr/lib/system/libsystem_info.dylib
0x000000000155e000 	/usr/lib/system/libsystem_kernel.dylib
0x000000000155e000 	/usr/lib/system/libsystem_m.dylib
0x000000000155e000 	/usr/lib/system/libsystem_malloc.dylib
0x000000000155e000 	/usr/lib/system/libsystem_network.dylib
0x000000000155e000 	/usr/lib/system/libsystem_networkextension.dylib
0x000000000155e000 	/usr/lib/system/libsystem_notify.dylib
0x000000000155e000 	/usr/lib/system/libsystem_platform.dylib
0x000000000155e000 	/usr/lib/system/libsystem_pthread.dylib
0x000000000155e000 	/usr/lib/system/libsystem_sandbox.dylib
0x000000000155e000 	/usr/lib/system/libsystem_secinit.dylib
0x000000000155e000 	/usr/lib/system/libsystem_symptoms.dylib
0x000000000155e000 	/usr/lib/system/libsystem_trace.dylib
0x000000000155e000 	/usr/lib/system/libunwind.dylib
0x000000000155e000 	/usr/lib/system/libxpc.dylib
0x000000000155e000 	/usr/lib/libbsm.0.dylib
0x000000000155e000 	/usr/lib/system/libkxld.dylib
0x000000000155e000 	/usr/lib/libcoretls.dylib
0x000000000155e000 	/usr/lib/libcoretls_cfhelpers.dylib
0x000000000155e000 	/usr/lib/libxar.1.dylib
0x000000000155e000 	/usr/lib/libsqlite3.dylib
0x000000000155e000 	/usr/lib/libpam.2.dylib
0x000000000155e000 	/usr/lib/libOpenScriptingUtil.dylib
0x000000000155e000 	/usr/lib/libbz2.1.0.dylib
0x000000000155e000 	/usr/lib/liblzma.5.dylib
0x000000000155e000 	/usr/lib/libnetwork.dylib
0x000000000155e000 	/usr/lib/libpcap.A.dylib
0x000000000155e000 	/System/Library/Frameworks/CoreServices.framework/Versions/A/Frameworks/FSEvents.framework/Versions/A/FSEvents
0x000000000155e000 	/System/Library/Frameworks/CoreServices.framework/Versions/A/Frameworks/CarbonCore.framework/Versions/A/CarbonCore
0x000000000155e000 	/System/Library/Frameworks/CoreServices.framework/Versions/A/Frameworks/Metadata.framework/Versions/A/Metadata
0x000000000155e000 	/System/Library/Frameworks/CoreServices.framework/Versions/A/Frameworks/OSServices.framework/Versions/A/OSServices
0x000000000155e000 	/System/Library/Frameworks/CoreServices.framework/Versions/A/Frameworks/SearchKit.framework/Versions/A/SearchKit
0x000000000155e000 	/System/Library/Frameworks/CoreServices.framework/Versions/A/Frameworks/AE.framework/Versions/A/AE
0x000000000155e000 	/System/Library/Frameworks/CoreServices.framework/Versions/A/Frameworks/LaunchServices.framework/Versions/A/LaunchServices
0x000000000155e000 	/System/Library/Frameworks/CoreServices.framework/Versions/A/Frameworks/DictionaryServices.framework/Versions/A/DictionaryServices
0x000000000155e000 	/System/Library/Frameworks/CoreServices.framework/Versions/A/Frameworks/SharedFileList.framework/Versions/A/SharedFileList
0x000000000155e000 	/System/Library/Frameworks/NetFS.framework/Versions/A/NetFS
0x000000000155e000 	/System/Library/PrivateFrameworks/NetAuth.framework/Versions/A/NetAuth
0x000000000155e000 	/System/Library/PrivateFrameworks/login.framework/Versions/A/Frameworks/loginsupport.framework/Versions/A/loginsupport
0x000000000155e000 	/System/Library/PrivateFrameworks/TCC.framework/Versions/A/TCC
0x000000000155e000 	/usr/lib/libmecabra.dylib
0x000000000155e000 	/System/Library/Frameworks/ApplicationServices.framework/Versions/A/Frameworks/ATS.framework/Versions/A/ATS
0x000000000155e000 	/System/Library/Frameworks/ApplicationServices.framework/Versions/A/Frameworks/ColorSync.framework/Versions/A/ColorSync
0x000000000155e000 	/System/Library/Frameworks/ApplicationServices.framework/Versions/A/Frameworks/HIServices.framework/Versions/A/HIServices
0x000000000155e000 	/System/Library/Frameworks/ApplicationServices.framework/Versions/A/Frameworks/LangAnalysis.framework/Versions/A/LangAnalysis
0x000000000155e000 	/System/Library/Frameworks/ApplicationServices.framework/Versions/A/Frameworks/PrintCore.framework/Versions/A/PrintCore
0x000000000155e000 	/System/Library/Frameworks/ApplicationServices.framework/Versions/A/Frameworks/QD.framework/Versions/A/QD
0x000000000155e000 	/System/Library/Frameworks/ApplicationServices.framework/Versions/A/Frameworks/SpeechSynthesis.framework/Versions/A/SpeechSynthesis
0x000000000155e000 	/System/Library/Frameworks/Accelerate.framework/Versions/A/Frameworks/vImage.framework/Versions/A/vImage
0x000000000155e000 	/System/Library/Frameworks/Accelerate.framework/Versions/A/Frameworks/vecLib.framework/Versions/A/vecLib
0x000000000155e000 	/System/Library/Frameworks/Accelerate.framework/Versions/A/Frameworks/vecLib.framework/Versions/A/libvDSP.dylib
0x000000000155e000 	/System/Library/Frameworks/Accelerate.framework/Versions/A/Frameworks/vecLib.framework/Versions/A/libBNNS.dylib
0x000000000155e000 	/System/Library/Frameworks/Accelerate.framework/Versions/A/Frameworks/vecLib.framework/Versions/A/libQuadrature.dylib
0x000000000155e000 	/System/Library/Frameworks/Accelerate.framework/Versions/A/Frameworks/vecLib.framework/Versions/A/libvMisc.dylib
0x000000000155e000 	/System/Library/Frameworks/Accelerate.framework/Versions/A/Frameworks/vecLib.framework/Versions/A/libLAPACK.dylib
0x000000000155e000 	/System/Library/Frameworks/Accelerate.framework/Versions/A/Frameworks/vecLib.framework/Versions/A/libBLAS.dylib
0x000000000155e000 	/System/Library/Frameworks/Accelerate.framework/Versions/A/Frameworks/vecLib.framework/Versions/A/libLinearAlgebra.dylib
0x000000000155e000 	/System/Library/Frameworks/Accelerate.framework/Versions/A/Frameworks/vecLib.framework/Versions/A/libSparseBLAS.dylib
0x000000000155e000 	/System/Library/Frameworks/ApplicationServices.framework/Versions/A/Frameworks/ATS.framework/Versions/A/Resources/libFontParser.dylib
0x000000000155e000 	/System/Library/Frameworks/ApplicationServices.framework/Versions/A/Frameworks/ATS.framework/Versions/A/Resources/libFontRegistry.dylib
0x000000000155e000 	/System/Library/Frameworks/ImageIO.framework/Versions/A/Resources/libJPEG.dylib
0x000000000155e000 	/System/Library/Frameworks/ImageIO.framework/Versions/A/Resources/libTIFF.dylib
0x000000000155e000 	/System/Library/Frameworks/ImageIO.framework/Versions/A/Resources/libPng.dylib
0x000000000155e000 	/System/Library/Frameworks/ImageIO.framework/Versions/A/Resources/libGIF.dylib
0x000000000155e000 	/System/Library/Frameworks/ImageIO.framework/Versions/A/Resources/libJP2.dylib
0x000000000155e000 	/System/Library/Frameworks/ImageIO.framework/Versions/A/Resources/libRadiance.dylib
0x000000000155e000 	/usr/lib/libcompression.dylib
0x000000000155e000 	/System/Library/PrivateFrameworks/AppleJPEG.framework/Versions/A/AppleJPEG
0x000000000155e000 	/usr/lib/libcups.2.dylib
0x000000000155e000 	/System/Library/Frameworks/Kerberos.framework/Versions/A/Kerberos
0x000000000155e000 	/System/Library/Frameworks/GSS.framework/Versions/A/GSS
0x000000000155e000 	/usr/lib/libresolv.9.dylib
0x000000000155e000 	/usr/lib/libiconv.2.dylib
0x000000000155e000 	/System/Library/PrivateFrameworks/Heimdal.framework/Versions/A/Heimdal
0x000000000155e000 	/usr/lib/libheimdal-asn1.dylib
0x000000000155e000 	/System/Library/Frameworks/OpenDirectory.framework/Versions/A/OpenDirectory
0x000000000155e000 	/System/Library/PrivateFrameworks/CommonAuth.framework/Versions/A/CommonAuth
0x000000000155e000 	/System/Library/Frameworks/OpenDirectory.framework/Versions/A/Frameworks/CFOpenDirectory.framework/Versions/A/CFOpenDirectory
0x000000000155e000 	/System/Library/Frameworks/SecurityFoundation.framework/Versions/A/SecurityFoundation
0x000000000155e000 	/System/Library/PrivateFrameworks/LanguageModeling.framework/Versions/A/LanguageModeling
0x000000000155e000 	/usr/lib/libmarisa.dylib
0x000000000155e000 	/usr/lib/libChineseTokenizer.dylib
0x000000000155e000 	/usr/lib/libcmph.dylib
0x000000000155e000 	/System/Library/PrivateFrameworks/CoreEmoji.framework/Versions/A/CoreEmoji
0x000000000155e000 	/System/Library/Frameworks/ServiceManagement.framework/Versions/A/ServiceManagement
0x000000000155e000 	/usr/lib/libxslt.1.dylib
0x000000000155e000 	/System/Library/Frameworks/Carbon.framework/Versions/A/Frameworks/Ink.framework/Versions/A/Ink
0x000000000155e000 	/System/Library/PrivateFrameworks/TextureIO.framework/Versions/A/TextureIO
0x000000000155e000 	/System/Library/Frameworks/Metal.framework/Versions/A/Metal
0x000000000155e000 	/usr/lib/libate.dylib
0x000000000155e000 	/System/Library/PrivateFrameworks/GPUCompiler.framework/libmetal_timestamp.dylib
0x000000000155e000 	/System/Library/Frameworks/OpenGL.framework/Versions/A/Libraries/libCoreFSCache.dylib
0x000000000155e000 	/System/Library/PrivateFrameworks/IOAccelerator.framework/Versions/A/IOAccelerator
0x000000000155e000 	/System/Library/Frameworks/CoreVideo.framework/Versions/A/CoreVideo
0x000000000155e000 	/usr/lib/libFosl_dynamic.dylib
0x000000000155e000 	/System/Library/PrivateFrameworks/MetalPerformanceShaders.framework/Versions/A/MetalPerformanceShaders
0x000000000155e000 	/System/Library/PrivateFrameworks/FaceCore.framework/Versions/A/FaceCore
0x000000000155e000 	/System/Library/Frameworks/OpenCL.framework/Versions/A/OpenCL
0x000000000155e000 	/System/Library/Frameworks/OpenGL.framework/Versions/A/Libraries/libGLU.dylib
0x000000000155e000 	/System/Library/Frameworks/OpenGL.framework/Versions/A/Libraries/libGFXShared.dylib
0x000000000155e000 	/System/Library/Frameworks/OpenGL.framework/Versions/A/Libraries/libGL.dylib
0x000000000155e000 	/System/Library/Frameworks/OpenGL.framework/Versions/A/Libraries/libGLImage.dylib
0x000000000155e000 	/System/Library/Frameworks/OpenGL.framework/Versions/A/Libraries/libCVMSPluginSupport.dylib
0x000000000155e000 	/System/Library/Frameworks/OpenGL.framework/Versions/A/Libraries/libCoreVMClient.dylib
0x000000000155e000 	/System/Library/PrivateFrameworks/CrashReporterSupport.framework/Versions/A/CrashReporterSupport
0x000000000155e000 	/System/Library/PrivateFrameworks/Sharing.framework/Versions/A/Sharing
0x000000000155e000 	/System/Library/PrivateFrameworks/IconServices.framework/Versions/A/IconServices
0x000000000155e000 	/System/Library/PrivateFrameworks/ProtocolBuffer.framework/Versions/A/ProtocolBuffer
0x000000000155e000 	/System/Library/PrivateFrameworks/Apple80211.framework/Versions/A/Apple80211
0x000000000155e000 	/System/Library/Frameworks/CoreWLAN.framework/Versions/A/CoreWLAN
0x000000000155e000 	/System/Library/PrivateFrameworks/CoreUtils.framework/Versions/A/CoreUtils
0x000000000155e000 	/System/Library/Frameworks/IOBluetooth.framework/Versions/A/IOBluetooth
0x000000000155e000 	/System/Library/PrivateFrameworks/CoreWiFi.framework/Versions/A/CoreWiFi
0x000000000155e000 	/System/Library/Frameworks/CoreBluetooth.framework/Versions/A/CoreBluetooth
0x000000000155e000 	/System/Library/Frameworks/CoreDisplay.framework/Versions/A/CoreDisplay
0x000000000155e000 	/System/Library/PrivateFrameworks/IOPresentment.framework/Versions/A/IOPresentment
0x000000000155e000 	/System/Library/PrivateFrameworks/DebugSymbols.framework/Versions/A/DebugSymbols
0x000000000155e000 	/System/Library/PrivateFrameworks/CoreSymbolication.framework/Versions/A/CoreSymbolication
0x000000000155e000 	/System/Library/PrivateFrameworks/Symbolication.framework/Versions/A/Symbolication
0x000000000155e000 	/System/Library/PrivateFrameworks/AppleFSCompression.framework/Versions/A/AppleFSCompression
0x000000000155e000 	/System/Library/PrivateFrameworks/SpeechRecognitionCore.framework/Versions/A/SpeechRecognitionCore
0x000000000155e000 	/System/Library/PrivateFrameworks/ChunkingLibrary.framework/Versions/A/ChunkingLibrary
0x0000000100409000 	/Applications/Eclipse.app/Contents/Eclipse/plugins/org.eclipse.equinox.launcher.cocoa.macosx.x86_64_1.1.401.v20161122-1740/eclipse_1615.so
0x000000000155e000 	/System/Library/PrivateFrameworks/CoreServicesInternal.framework/Versions/A/CoreServicesInternal
0x000000010044b000 	/Library/Java/JavaVirtualMachines/jdk1.8.0_121.jdk/Contents/MacOS/libjli.dylib
0x0000000106800000 	/Library/Java/JavaVirtualMachines/jdk1.8.0_121.jdk/Contents/Home/jre//lib/server/libjvm.dylib
0x000000000155e000 	/usr/lib/libstdc++.6.dylib
0x000000010045b000 	/Library/Java/JavaVirtualMachines/jdk1.8.0_121.jdk/Contents/Home/jre/lib/libverify.dylib
0x0000000100469000 	/Library/Java/JavaVirtualMachines/jdk1.8.0_121.jdk/Contents/Home/jre/lib/libjava.dylib
0x00000001004a6000 	/Library/Java/JavaVirtualMachines/jdk1.8.0_121.jdk/Contents/Home/jre/lib/libzip.dylib
0x00000001015c0000 	/System/Library/Frameworks/JavaVM.framework/Frameworks/JavaRuntimeSupport.framework/JavaRuntimeSupport
0x00000001015da000 	/System/Library/Frameworks/JavaVM.framework/Versions/A/Frameworks/JavaNativeFoundation.framework/Versions/A/JavaNativeFoundation
0x00000001004f0000 	/System/Library/Frameworks/JavaVM.framework/Versions/A/JavaVM
0x000000000155e000 	/System/Library/Frameworks/Carbon.framework/Versions/A/Carbon
0x00000001013f3000 	/System/Library/PrivateFrameworks/JavaLaunching.framework/Versions/A/JavaLaunching
0x000000000155e000 	/System/Library/Frameworks/Carbon.framework/Versions/A/Frameworks/CommonPanels.framework/Versions/A/CommonPanels
0x000000000155e000 	/System/Library/Frameworks/Carbon.framework/Versions/A/Frameworks/Help.framework/Versions/A/Help
0x000000000155e000 	/System/Library/Frameworks/Carbon.framework/Versions/A/Frameworks/ImageCapture.framework/Versions/A/ImageCapture
0x000000000155e000 	/System/Library/Frameworks/Carbon.framework/Versions/A/Frameworks/OpenScripting.framework/Versions/A/OpenScripting
0x000000000155e000 	/System/Library/Frameworks/Carbon.framework/Versions/A/Frameworks/Print.framework/Versions/A/Print
0x000000000155e000 	/System/Library/Frameworks/Carbon.framework/Versions/A/Frameworks/SecurityHI.framework/Versions/A/SecurityHI
0x000000000155e000 	/System/Library/CoreServices/RawCamera.bundle/Contents/MacOS/RawCamera
0x000000000155e000 	/System/Library/Frameworks/Accelerate.framework/Versions/A/Frameworks/vImage.framework/Versions/A/Libraries/libCGInterfaces.dylib
0x000000000155e000 	/System/Library/PrivateFrameworks/FamilyControls.framework/Versions/A/FamilyControls
0x000000000155e000 	/System/Library/PrivateFrameworks/CommerceKit.framework/Versions/A/Frameworks/CommerceCore.framework/Versions/A/CommerceCore
0x000000000155e000 	/System/Library/PrivateFrameworks/SystemAdministration.framework/Versions/A/SystemAdministration
0x000000000155e000 	/System/Library/PrivateFrameworks/AppContainer.framework/Versions/A/AppContainer
0x000000000155e000 	/System/Library/PrivateFrameworks/SecCodeWrapper.framework/Versions/A/SecCodeWrapper
0x000000000155e000 	/System/Library/Frameworks/DirectoryService.framework/Versions/A/DirectoryService
0x000000000155e000 	/System/Library/PrivateFrameworks/DiskImages.framework/Versions/A/DiskImages
0x000000000155e000 	/System/Library/PrivateFrameworks/LoginUIKit.framework/Versions/A/Frameworks/LoginUICore.framework/Versions/A/LoginUICore
0x000000000155e000 	/usr/lib/libCoreStorage.dylib
0x000000000155e000 	/usr/lib/libcsfde.dylib
0x000000000155e000 	/usr/lib/libodfde.dylib
0x000000000155e000 	/System/Library/Frameworks/DiscRecording.framework/Versions/A/DiscRecording
0x000000000155e000 	/usr/lib/libcurl.4.dylib
0x000000000155e000 	/System/Library/PrivateFrameworks/MediaKit.framework/Versions/A/MediaKit
0x000000000155e000 	/System/Library/PrivateFrameworks/ProtectedCloudStorage.framework/Versions/A/ProtectedCloudStorage
0x000000000155e000 	/System/Library/PrivateFrameworks/EFILogin.framework/Versions/A/EFILogin
0x000000000155e000 	/usr/lib/libutil.dylib
0x000000000155e000 	/System/Library/Frameworks/LDAP.framework/Versions/A/LDAP
0x000000000155e000 	/usr/lib/libsasl2.2.dylib
0x000000000155e000 	/System/Library/PrivateFrameworks/CoreDaemon.framework/Versions/B/CoreDaemon
0x000000000155e000 	/System/Library/PrivateFrameworks/AppleSRP.framework/Versions/A/AppleSRP
0x000000000155e000 	/System/Library/PrivateFrameworks/APFS.framework/Versions/A/APFS
0x000000000155e000 	/System/Library/Frameworks/ApplicationServices.framework/Versions/A/Frameworks/ATS.framework/Versions/A/Resources/libTrueTypeScaler.dylib
0x000000000155e000 	/System/Library/Frameworks/OpenGL.framework/Versions/A/Resources/GLEngine.bundle/GLEngine
0x000000000155e000 	/System/Library/Frameworks/OpenGL.framework/Versions/A/Libraries/libGLProgrammability.dylib
0x0000000121000000 	/System/Library/Extensions/AppleIntelHD5000GraphicsGLDriver.bundle/Contents/MacOS/AppleIntelHD5000GraphicsGLDriver
0x000000000155e000 	/System/Library/PrivateFrameworks/GPUSupport.framework/Versions/A/Libraries/libGPUSupportMercury.dylib
0x000000000155e000 	/System/Library/Extensions/GeForceGLDriver.bundle/Contents/MacOS/GeForceGLDriver
0x000000000155e000 	/System/Library/Extensions/GeForceGLDriver.bundle/Contents/MacOS/libclh.dylib
0x000000000155e000 	/System/Library/Frameworks/OpenGL.framework/Versions/A/Resources/GLRendererFloat.bundle/GLRendererFloat
0x000000000155e000 	/System/Library/Frameworks/OpenCL.framework/Versions/A/Libraries/libcldcpuengine.dylib
0x000000000155e000 	/usr/lib/libcrypto.0.9.8.dylib
0x000000000155e000 	/System/Library/PrivateFrameworks/TrustEvaluationAgent.framework/Versions/A/TrustEvaluationAgent
0x000000000155e000 	/System/Library/Extensions/GeForceMTLDriver.bundle/Contents/MacOS/GeForceMTLDriver
0x0000000120600000 	/System/Library/Extensions/AppleIntelHD5000GraphicsMTLDriver.bundle/Contents/MacOS/AppleIntelHD5000GraphicsMTLDriver
0x0000000121b27000 	/Library/Java/JavaVirtualMachines/jdk1.8.0_121.jdk/Contents/Home/jre/lib/libnet.dylib
0x0000000121b3e000 	/Library/Java/JavaVirtualMachines/jdk1.8.0_121.jdk/Contents/Home/jre/lib/libnio.dylib
0x000000012274e000 	/Applications/Eclipse.app/Contents/Eclipse/configuration/org.eclipse.osgi/409/0/.cp/libswt-cocoa-4628.jnilib
0x000000000155e000 	/System/Library/Frameworks/WebKit.framework/Versions/A/WebKit
0x000000000155e000 	/System/Library/Frameworks/JavaScriptCore.framework/Versions/A/JavaScriptCore
0x000000000155e000 	/System/Library/Frameworks/SecurityInterface.framework/Versions/A/SecurityInterface
0x000000000155e000 	/System/Library/Frameworks/WebKit.framework/Versions/A/Frameworks/WebKitLegacy.framework/Versions/A/WebKitLegacy
0x000000000155e000 	/System/Library/Frameworks/WebKit.framework/Versions/A/Frameworks/WebCore.framework/Versions/A/WebCore
0x00000001227a3000 	/Applications/Eclipse.app/Contents/Eclipse/configuration/org.eclipse.osgi/409/0/.cp/libswt-pi-cocoa-4628.jnilib
0x000000000155e000 	/System/Library/PrivateFrameworks/CloudDocs.framework/Versions/A/CloudDocs
0x000000000155e000 	/System/Library/Frameworks/CloudKit.framework/Versions/A/CloudKit
0x000000000155e000 	/System/Library/PrivateFrameworks/MMCS.framework/Versions/A/MMCS
0x000000000155e000 	/System/Library/Frameworks/CoreLocation.framework/Versions/A/CoreLocation
0x000000000155e000 	/System/Library/PrivateFrameworks/AssetCacheServices.framework/Versions/A/AssetCacheServices
0x000000000155e000 	/System/Library/PrivateFrameworks/GeoServices.framework/Versions/A/GeoServices
0x0000000104435000 	/System/Library/PrivateFrameworks/CoreNLP.framework/Versions/A/CoreNLP
0x00000001040c5000 	/Applications/Eclipse.app/Contents/Eclipse/configuration/org.eclipse.osgi/99/0/.cp/os/macosx/libunixfile_1_0_0.jnilib
0x0000000121a78000 	/Library/Java/JavaVirtualMachines/jdk1.8.0_121.jdk/Contents/Home/jre/lib/libsunec.dylib
0x00000001202f8000 	cl_kernels
0x000000000155e000 	/System/Library/Frameworks/OpenCL.framework/Versions/A/Libraries/ImageFormats/unorm8_bgra.dylib
0x000000000155e000 	/System/Library/PrivateFrameworks/Shortcut.framework/Versions/A/Shortcut
0x000000000155e000 	/System/Library/PrivateFrameworks/HelpData.framework/Versions/A/HelpData
0x000000000155e000 	/System/Library/PrivateFrameworks/DataDetectors.framework/Versions/A/DataDetectors
0x000000000155e000 	/System/Library/Frameworks/AddressBook.framework/Versions/A/AddressBook
0x000000000155e000 	/System/Library/Frameworks/Quartz.framework/Versions/A/Quartz
0x000000000155e000 	/System/Library/PrivateFrameworks/ContactsPersistence.framework/Versions/A/ContactsPersistence
0x000000000155e000 	/System/Library/PrivateFrameworks/CalendarAgentLink.framework/Versions/A/CalendarAgentLink
0x000000000155e000 	/System/Library/PrivateFrameworks/ContactsFoundation.framework/Versions/A/ContactsFoundation
0x000000000155e000 	/System/Library/PrivateFrameworks/vCard.framework/Versions/A/vCard
0x000000000155e000 	/System/Library/PrivateFrameworks/IntlPreferences.framework/Versions/A/IntlPreferences
0x000000000155e000 	/System/Library/PrivateFrameworks/ToneLibrary.framework/Versions/A/ToneLibrary
0x000000000155e000 	/System/Library/PrivateFrameworks/ToneKit.framework/Versions/A/ToneKit
0x000000000155e000 	/System/Library/PrivateFrameworks/ApplePushService.framework/Versions/A/ApplePushService
0x000000000155e000 	/System/Library/PrivateFrameworks/PhoneNumbers.framework/Versions/A/PhoneNumbers
0x000000000155e000 	/System/Library/PrivateFrameworks/ViewBridge.framework/Versions/A/ViewBridge
0x000000000155e000 	/System/Library/Frameworks/Accounts.framework/Versions/A/Accounts
0x000000000155e000 	/System/Library/PrivateFrameworks/OAuth.framework/Versions/A/OAuth
0x000000000155e000 	/System/Library/Frameworks/AVFoundation.framework/Versions/A/AVFoundation
0x000000000155e000 	/System/Library/Frameworks/AVFoundation.framework/Versions/A/Frameworks/AVFAudio.framework/Versions/A/AVFAudio
0x000000000155e000 	/System/Library/Frameworks/CoreMedia.framework/Versions/A/CoreMedia
0x000000000155e000 	/System/Library/Frameworks/MediaToolbox.framework/Versions/A/MediaToolbox
0x000000000155e000 	/System/Library/Frameworks/VideoToolbox.framework/Versions/A/VideoToolbox
0x000000000155e000 	/System/Library/Frameworks/CoreMediaIO.framework/Versions/A/CoreMediaIO
0x000000000155e000 	/usr/lib/libspindump.dylib
0x000000000155e000 	/usr/lib/libdscsym.dylib
0x000000000155e000 	/System/Library/PrivateFrameworks/CoreAVCHD.framework/Versions/A/CoreAVCHD
0x000000000155e000 	/System/Library/Frameworks/MediaAccessibility.framework/Versions/A/MediaAccessibility
0x000000000155e000 	/System/Library/PrivateFrameworks/Mangrove.framework/Versions/A/Mangrove
0x000000000155e000 	/System/Library/PrivateFrameworks/CoreAUC.framework/Versions/A/CoreAUC
0x000000000155e000 	/System/Library/PrivateFrameworks/AppleVA.framework/Versions/A/AppleVA
0x000000000155e000 	/System/Library/PrivateFrameworks/XPCService.framework/Versions/A/XPCService
0x000000000155e000 	/System/Library/PrivateFrameworks/AppSandbox.framework/Versions/A/AppSandbox
0x000000000155e000 	/usr/lib/libsandbox.1.dylib
0x000000000155e000 	/usr/lib/libMatch.1.dylib
0x000000000155e000 	/System/Library/Frameworks/Quartz.framework/Versions/A/Frameworks/QuartzComposer.framework/Versions/A/QuartzComposer
0x000000000155e000 	/System/Library/Frameworks/Quartz.framework/Versions/A/Frameworks/PDFKit.framework/Versions/A/PDFKit
0x000000000155e000 	/System/Library/Frameworks/Quartz.framework/Versions/A/Frameworks/QuartzFilters.framework/Versions/A/QuartzFilters
0x000000000155e000 	/System/Library/Frameworks/Quartz.framework/Versions/A/Frameworks/ImageKit.framework/Versions/A/ImageKit
0x000000000155e000 	/System/Library/Frameworks/Quartz.framework/Versions/A/Frameworks/QuickLookUI.framework/Versions/A/QuickLookUI
0x000000000155e000 	/System/Library/Frameworks/QTKit.framework/Versions/A/QTKit
0x000000000155e000 	/System/Library/PrivateFrameworks/AppleSystemInfo.framework/Versions/A/AppleSystemInfo
0x000000000155e000 	/System/Library/PrivateFrameworks/CoreMediaAuthoring.framework/Versions/A/CoreMediaAuthoring
0x000000000155e000 	/System/Library/PrivateFrameworks/CorePDF.framework/Versions/A/CorePDF
0x000000000155e000 	/System/Library/Frameworks/SafariServices.framework/Versions/A/SafariServices
0x000000000155e000 	/System/Library/Frameworks/QuickLook.framework/Versions/A/QuickLook
0x000000000155e000 	/System/Library/PrivateFrameworks/MobileKeyBag.framework/Versions/A/MobileKeyBag
0x000000000155e000 	/System/Library/PrivateFrameworks/QuickLookThumbnailing.framework/Versions/A/QuickLookThumbnailing
0x000000000155e000 	/System/Library/PrivateFrameworks/DisplayServices.framework/Versions/A/DisplayServices
0x000000000155e000 	/System/Library/Frameworks/ImageCaptureCore.framework/Versions/A/ImageCaptureCore
0x000000011d962000 	/Applications/Eclipse.app/Contents/Eclipse/configuration/org.eclipse.osgi/58/0/.cp/os/macosx/x86_64/libspawner.jnilib
0x0000000120347000 	cl_kernels
0x000000012010d000 	/Applications/Eclipse.app/Contents/Eclipse/configuration/org.eclipse.osgi/58/0/.cp/os/macosx/x86_64/libpty.jnilib
0x000000011dc57000 	cl_kernels
0x000000000155e000 	/System/Library/Frameworks/OpenCL.framework/Versions/A/Libraries/ImageFormats/unorm8_rgba.dylib
0x000000011dc65000 	cl_kernels
0x000000000155e000 	/System/Library/Extensions/GeForceAIRPlugin.bundle/Contents/MacOS/GeForceAIRPlugin
0x000000000155e000 	/System/Library/PrivateFrameworks/GPUCompiler.framework//Versions/A/Libraries/libLLVMContainer.dylib
0x000000012041d000 	cl_kernels
0x0000000122683000 	/usr/lib/libgermantok.dylib

VM Arguments:
jvm_args: -Dosgi.requiredJavaVersion=1.8 -XX:+UseG1GC -XX:+UseStringDeduplication -XstartOnFirstThread -Dorg.eclipse.swt.internal.carbon.smallFonts -Dosgi.requiredJavaVersion=1.8 -Xms256m -Xmx1024m -Xdock:icon=../Resources/Eclipse.icns -XstartOnFirstThread -Dorg.eclipse.swt.internal.carbon.smallFonts 
java_command: <unknown>
java_class_path (initial): /Applications/Eclipse.app/Contents/MacOS//../Eclipse/plugins/org.eclipse.equinox.launcher_1.3.201.v20161025-1711.jar
Launcher Type: generic

Environment Variables:
PATH=/usr/bin:/bin:/usr/sbin:/sbin
SHELL=/bin/bash
DISPLAY=/private/tmp/com.apple.launchd.dEgrkU3sH5/org.macosforge.xquartz:0

Signal Handlers:
SIGSEGV: [libjvm.dylib+0x5b1141], sa_mask[0]=11111111011111110111111111111111, sa_flags=SA_ONSTACK|SA_RESTART|SA_SIGINFO
SIGBUS: [libjvm.dylib+0x5b1141], sa_mask[0]=11111111011111110111111111111111, sa_flags=SA_RESTART|SA_SIGINFO
SIGFPE: [libjvm.dylib+0x487bc4], sa_mask[0]=11111111011111110111111111111111, sa_flags=SA_RESTART|SA_SIGINFO
SIGPIPE: [libjvm.dylib+0x487bc4], sa_mask[0]=11111111011111110111111111111111, sa_flags=SA_RESTART|SA_SIGINFO
SIGXFSZ: [libjvm.dylib+0x487bc4], sa_mask[0]=11111111011111110111111111111111, sa_flags=SA_RESTART|SA_SIGINFO
SIGILL: [libjvm.dylib+0x487bc4], sa_mask[0]=11111111011111110111111111111111, sa_flags=SA_RESTART|SA_SIGINFO
SIGUSR1: SIG_DFL, sa_mask[0]=00000000000000000000000000000000, sa_flags=none
SIGUSR2: [libjvm.dylib+0x4876e2], sa_mask[0]=00000000000000000000000000000000, sa_flags=SA_RESTART|SA_SIGINFO
SIGHUP: [libjvm.dylib+0x485cb9], sa_mask[0]=11111111011111110111111111111111, sa_flags=SA_RESTART|SA_SIGINFO
SIGINT: [libjvm.dylib+0x485cb9], sa_mask[0]=11111111011111110111111111111111, sa_flags=SA_RESTART|SA_SIGINFO
SIGTERM: [libjvm.dylib+0x485cb9], sa_mask[0]=11111111011111110111111111111111, sa_flags=SA_RESTART|SA_SIGINFO
SIGQUIT: [libjvm.dylib+0x485cb9], sa_mask[0]=11111111011111110111111111111111, sa_flags=SA_RESTART|SA_SIGINFO


---------------  S Y S T E M  ---------------

OS:Bsduname:Darwin 16.4.0 Darwin Kernel Version 16.4.0: Thu Dec 22 22:53:21 PST 2016; root:xnu-3789.41.3~3/RELEASE_X86_64 x86_64
rlimit: STACK 8192k, CORE 0k, NPROC 709, NOFILE 10240, AS infinity
load average:2.30 2.25 2.26

CPU:total 8 (4 cores per cpu, 2 threads per core) family 6 model 70 stepping 1, cmov, cx8, fxsr, mmx, sse, sse2, sse3, ssse3, sse4.1, sse4.2, popcnt, avx, avx2, aes, clmul, erms, rtm, lzcnt, ht, tsc, tscinvbit, bmi1, bmi2

Memory: 4k page, physical 16777216k(679224k free)

/proc/meminfo:


vm_info: Java HotSpot(TM) 64-Bit Server VM (25.121-b13) for bsd-amd64 JRE (1.8.0_121-b13), built on Dec 12 2016 20:39:32 by "java_re" with gcc 4.2.1 (Based on Apple Inc. build 5658) (LLVM build 2336.11.00)

time: Sun Apr  9 20:43:40 2017
elapsed time: 16813 seconds (0d 4h 40m 13s)

